5028
3 L 0 642 1
3 L 0 961 1
3 D 3 642 1
3 D 3 961 1
12 L 0 431 1
12 L 0 502 1
12 L 0 532 1
12 D 12 431 1
12 D 12 502 1
12 D 12 532 1
16 L 0 266 1
16 L 0 931 1
16 D 16 266 1
16 D 16 931 1
17 L 0 163 1
17 L 0 362 1
17 D 17 163 1
17 D 17 362 1
0 L 0 48 1
0 D 20 48 1
6 L 0 441 1
6 L 0 773 1
6 L 0 857 1
6 D 46 441 1
6 D 46 773 1
6 D 46 857 1
12 L 0 539 1
12 L 0 855 1
12 L 0 931 1
12 D 52 539 1
12 D 52 855 1
12 D 52 931 1
13 L 0 139 1
13 L 0 323 1
13 D 53 139 1
13 D 53 323 1
19 L 0 238 1
19 L 0 262 1
19 L 0 328 1
19 L 0 513 1
19 D 59 238 1
19 D 59 262 1
19 D 59 328 1
19 D 59 513 1
1 L 0 52 1
1 L 0 105 1
1 L 0 276 1
1 L 0 522 1
1 D 61 52 1
1 D 61 105 1
1 D 61 276 1
1 D 61 522 1
13 L 0 350 1
13 D 73 350 1
14 L 0 614 1
14 L 0 967 1
14 L 0 996 1
14 D 74 614 1
14 D 74 967 1
14 D 74 996 1
0 L 0 247 1
0 L 0 388 1
0 D 80 247 1
0 D 80 388 1
10 L 0 112 1
10 L 0 189 1
10 L 0 734 1
10 D 110 112 1
10 D 110 189 1
10 D 110 734 1
1 L 0 35 1
1 L 0 840 1
1 L 0 918 1
1 D 121 35 1
1 D 121 840 1
1 D 121 918 1
4 L 0 404 1
4 D 124 404 1
8 L 0 129 1
8 L 0 997 1
8 D 128 129 1
8 D 128 997 1
14 L 0 372 1
14 L 0 486 1
14 D 134 372 1
14 D 134 486 1
16 L 0 58 1
16 L 0 68 1
16 L 0 359 1
16 D 136 58 1
16 D 136 68 1
16 D 136 359 1
17 L 0 884 1
17 L 0 994 1
17 D 137 884 1
17 D 137 994 1
19 L 0 466 1
19 L 0 575 1
19 D 139 466 1
19 D 139 575 1
9 L 0 158 1
9 L 0 432 1
9 D 149 158 1
9 D 149 432 1
15 L 0 167 1
15 L 0 344 1
15 L 0 926 1
15 D 155 167 1
15 D 155 344 1
15 D 155 926 1
16 L 0 275 1
16 L 0 657 1
16 D 156 275 1
16 D 156 657 1
8 L 0 52 1
8 L 0 334 1
8 D 168 52 1
8 D 168 334 1
10 L 0 22 1
10 L 0 392 1
10 L 0 583 1
10 L 0 991 1
10 D 170 22 1
10 D 170 392 1
10 D 170 583 1
10 D 170 991 1
12 L 0 659 1
12 D 172 659 1
13 L 0 123 1
13 L 0 135 1
13 L 0 764 1
13 D 173 123 1
13 D 173 135 1
13 D 173 764 1
15 L 0 558 1
15 D 175 558 1
4 L 0 247 1
4 L 0 433 1
4 L 0 983 1
4 D 184 247 1
4 D 184 433 1
4 D 184 983 1
5 L 0 159 1
5 L 0 890 1
5 D 185 159 1
5 D 185 890 1
8 L 0 811 1
8 L 0 953 1
8 D 188 811 1
8 D 188 953 1
10 L 0 819 1
10 L 0 883 1
10 D 190 819 1
10 D 190 883 1
11 L 0 862 1
11 D 191 862 1
12 L 0 36 1
12 L 0 501 1
12 D 192 36 1
12 D 192 501 1
14 L 0 228 1
14 L 0 554 1
14 D 194 228 1
14 D 194 554 1
17 L 0 51 1
17 L 0 452 1
17 L 0 622 1
17 L 0 995 1
17 D 197 51 1
17 D 197 452 1
17 D 197 622 1
17 D 197 995 1
0 L 0 284 1
0 L 0 907 1
0 D 200 284 1
0 D 200 907 1
5 L 0 52 1
5 L 0 335 1
5 L 0 431 1
5 D 205 52 1
5 D 205 335 1
5 D 205 431 1
11 L 0 86 1
11 L 0 141 1
11 L 0 587 1
11 D 211 86 1
11 D 211 141 1
11 D 211 587 1
13 L 0 439 1
13 L 0 769 1
13 D 213 439 1
13 D 213 769 1
16 L 0 452 1
16 D 216 452 1
2 L 0 154 1
2 L 0 207 1
2 L 0 219 1
2 D 222 154 1
2 D 222 207 1
2 D 222 219 1
8 L 0 68 1
8 L 0 151 1
8 D 228 68 1
8 D 228 151 1
11 L 0 684 1
11 D 231 684 1
13 L 0 233 1
13 D 233 233 1
4 L 0 81 1
4 L 0 375 1
4 L 0 594 1
4 L 0 870 1
4 D 244 81 1
4 D 244 375 1
4 D 244 594 1
4 D 244 870 1
15 L 0 2 1
15 L 0 182 1
15 L 0 215 1
15 D 255 2 1
15 D 255 182 1
15 D 255 215 1
19 L 0 168 1
19 L 0 360 1
19 L 0 382 1
19 D 259 168 1
19 D 259 360 1
19 D 259 382 1
2 L 0 456 1
2 L 0 751 1
2 D 262 456 1
2 D 262 751 1
3 L 0 193 1
3 L 0 435 1
3 L 0 654 1
3 L 0 870 1
3 L 0 967 1
3 D 263 193 1
3 D 263 435 1
3 D 263 654 1
3 D 263 870 1
3 D 263 967 1
5 L 0 437 1
5 L 0 441 1
5 L 0 704 1
5 L 0 808 1
5 D 265 437 1
5 D 265 441 1
5 D 265 704 1
5 D 265 808 1
6 L 0 123 1
6 L 0 543 1
6 L 0 574 1
6 D 266 123 1
6 D 266 543 1
6 D 266 574 1
8 L 0 270 1
8 L 0 862 1
8 D 268 270 1
8 D 268 862 1
13 L 0 227 1
13 L 0 434 1
13 D 273 227 1
13 D 273 434 1
16 L 0 616 1
16 L 0 773 1
16 D 276 616 1
16 D 276 773 1
9 L 0 307 1
9 L 0 525 1
9 D 289 307 1
9 D 289 525 1
17 L 0 338 1
17 D 297 338 1
18 L 0 142 1
18 L 0 931 1
18 L 0 983 1
18 D 298 142 1
18 D 298 931 1
18 D 298 983 1
4 L 0 253 1
4 L 0 299 1
4 L 0 512 1
4 L 0 549 1
4 L 0 824 1
4 D 304 253 1
4 D 304 299 1
4 D 304 512 1
4 D 304 549 1
4 D 304 824 1
0 L 0 113 1
0 L 0 481 1
0 D 320 113 1
0 D 320 481 1
3 L 0 295 1
3 L 0 882 1
3 D 323 295 1
3 D 323 882 1
6 L 0 683 1
6 D 326 683 1
8 L 0 372 1
8 L 0 401 1
8 D 328 372 1
8 D 328 401 1
10 L 0 296 1
10 L 0 637 1
10 L 0 898 1
10 D 330 296 1
10 D 330 637 1
10 D 330 898 1
18 L 0 548 1
18 D 338 548 1
6 L 0 397 1
6 L 0 517 1
6 L 0 583 1
6 L 0 979 1
6 D 346 397 1
6 D 346 517 1
6 D 346 583 1
6 D 346 979 1
8 L 0 522 1
8 L 0 649 1
8 D 348 522 1
8 D 348 649 1
12 L 0 384 1
12 L 0 419 1
12 D 352 384 1
12 D 352 419 1
16 L 0 672 1
16 L 0 953 1
16 D 356 672 1
16 D 356 953 1
5 L 0 37 1
5 L 0 270 1
5 D 365 37 1
5 D 365 270 1
7 L 0 81 1
7 L 0 210 1
7 D 367 81 1
7 D 367 210 1
11 L 0 759 1
11 D 371 759 1
19 L 0 680 1
19 L 0 750 1
19 L 0 796 1
19 D 379 680 1
19 D 379 750 1
19 D 379 796 1
7 L 0 772 1
7 L 0 887 1
7 D 387 772 1
7 D 387 887 1
7 L 0 16 1
7 L 0 283 1
7 L 0 310 1
7 L 0 861 1
7 D 407 16 1
7 D 407 283 1
7 D 407 310 1
7 D 407 861 1
15 L 0 160 1
15 L 0 414 1
15 D 415 160 1
15 D 415 414 1
19 L 0 303 1
19 L 0 355 1
19 L 0 789 1
19 D 419 303 1
19 D 419 355 1
19 D 419 789 1
7 L 0 62 1
7 L 0 308 1
7 L 0 358 1
7 D 427 62 1
7 D 427 308 1
7 D 427 358 1
8 L 0 724 1
8 L 0 736 1
8 L 0 940 1
8 D 428 724 1
8 D 428 736 1
8 D 428 940 1
12 L 0 429 1
12 L 0 551 1
12 L 0 620 1
12 L 0 947 1
12 D 432 429 1
12 D 432 551 1
12 D 432 620 1
12 D 432 947 1
19 L 0 268 1
19 L 0 376 1
19 L 0 419 1
19 D 439 268 1
19 D 439 376 1
19 D 439 419 1
1 L 0 5 1
1 L 0 467 1
1 D 441 5 1
1 D 441 467 1
9 L 0 720 1
9 L 0 730 1
9 D 449 720 1
9 D 449 730 1
15 L 0 512 1
15 L 0 967 1
15 D 455 512 1
15 D 455 967 1
2 L 0 820 1
2 L 0 837 1
2 D 462 820 1
2 D 462 837 1
5 L 0 889 1
5 D 465 889 1
6 L 0 76 1
6 L 0 370 1
6 D 466 76 1
6 D 466 370 1
10 L 0 404 1
10 L 0 616 1
10 D 470 404 1
10 D 470 616 1
7 L 0 262 1
7 L 0 914 1
7 D 487 262 1
7 D 487 914 1
9 L 0 34 1
9 L 0 381 1
9 L 0 532 1
9 L 0 931 1
9 L 0 953 1
9 D 489 34 1
9 D 489 381 1
9 D 489 532 1
9 D 489 931 1
9 D 489 953 1
10 L 0 675 1
10 L 0 824 1
10 L 0 964 1
10 D 490 675 1
10 D 490 824 1
10 D 490 964 1
15 L 0 193 1
15 L 0 284 1
15 L 0 521 1
15 D 495 193 1
15 D 495 284 1
15 D 495 521 1
19 L 0 10 1
19 L 0 455 1
19 D 499 10 1
19 D 499 455 1
3 L 0 277 1
3 D 503 277 1
4 L 0 992 1
4 D 504 992 1
14 L 0 862 1
14 L 0 970 1
14 D 514 862 1
14 D 514 970 1
19 L 0 47 1
19 L 0 615 1
19 L 0 644 1
19 L 0 823 1
19 D 519 47 1
19 D 519 615 1
19 D 519 644 1
19 D 519 823 1
11 L 0 653 1
11 D 531 653 1
5 L 0 375 1
5 L 0 999 1
5 D 545 375 1
5 D 545 999 1
7 L 0 727 1
7 L 0 852 1
7 L 0 875 1
7 L 0 962 1
7 D 547 727 1
7 D 547 852 1
7 D 547 875 1
7 D 547 962 1
10 L 0 490 1
10 L 0 817 1
10 D 550 490 1
10 D 550 817 1
12 L 0 8 1
12 L 0 691 1
12 D 552 8 1
12 D 552 691 1
19 L 0 382 1
19 D 559 382 1
8 L 0 228 1
8 D 568 228 1
11 L 0 500 1
11 L 0 534 1
11 L 0 967 1
11 D 571 500 1
11 D 571 534 1
11 D 571 967 1
1 L 0 50 1
1 L 0 467 1
1 L 0 473 1
1 D 581 50 1
1 D 581 467 1
1 D 581 473 1
7 L 0 643 1
7 L 0 777 1
7 D 587 643 1
7 D 587 777 1
9 L 0 783 1
9 L 0 971 1
9 D 589 783 1
9 D 589 971 1
17 L 0 16 1
17 L 0 614 1
17 L 0 654 1
17 D 597 16 1
17 D 597 614 1
17 D 597 654 1
0 L 0 832 1
0 L 0 862 1
0 D 600 832 1
0 D 600 862 1
1 L 0 261 1
1 L 0 453 1
1 D 621 261 1
1 D 621 453 1
11 L 0 372 1
11 L 0 870 1
11 D 631 372 1
11 D 631 870 1
14 L 0 109 1
14 L 0 623 1
14 L 0 918 1
14 D 634 109 1
14 D 634 623 1
14 D 634 918 1
16 L 0 168 1
16 L 0 918 1
16 L 0 974 1
16 D 636 168 1
16 D 636 918 1
16 D 636 974 1
19 L 0 123 1
19 L 0 488 1
19 L 0 940 1
19 D 639 123 1
19 D 639 488 1
19 D 639 940 1
6 L 0 168 1
6 L 0 950 1
6 D 646 168 1
6 D 646 950 1
13 L 0 385 1
13 L 0 628 1
13 D 653 385 1
13 D 653 628 1
16 L 0 356 1
16 L 0 730 1
16 D 656 356 1
16 D 656 730 1
19 L 0 293 1
19 L 0 594 1
19 L 0 614 1
19 D 659 293 1
19 D 659 594 1
19 D 659 614 1
4 L 0 673 1
4 L 0 875 1
4 D 664 673 1
4 D 664 875 1
17 L 0 741 1
17 L 0 954 1
17 D 677 741 1
17 D 677 954 1
0 L 0 384 1
0 L 0 735 1
0 D 680 384 1
0 D 680 735 1
1 L 0 384 1
1 L 0 789 1
1 D 681 384 1
1 D 681 789 1
11 L 0 181 1
11 L 0 237 1
11 L 0 622 1
11 L 0 966 1
11 D 691 181 1
11 D 691 237 1
11 D 691 622 1
11 D 691 966 1
3 L 0 389 1
3 L 0 411 1
3 D 703 389 1
3 D 703 411 1
6 L 0 615 1
6 D 706 615 1
12 L 0 149 1
12 L 0 459 1
12 L 0 601 1
12 D 712 149 1
12 D 712 459 1
12 D 712 601 1
16 L 0 71 1
16 L 0 78 1
16 L 0 239 1
16 L 0 478 1
16 D 716 71 1
16 D 716 78 1
16 D 716 239 1
16 D 716 478 1
11 L 0 388 1
11 D 731 388 1
15 L 0 100 1
15 D 735 100 1
2 L 0 512 1
2 L 0 790 1
2 D 742 512 1
2 D 742 790 1
6 L 0 400 1
6 L 0 448 1
6 L 0 827 1
6 D 746 400 1
6 D 746 448 1
6 D 746 827 1
7 L 0 380 1
7 L 0 896 1
7 D 747 380 1
7 D 747 896 1
18 L 0 129 1
18 L 0 225 1
18 D 758 129 1
18 D 758 225 1
4 L 0 89 1
4 L 0 541 1
4 L 0 837 1
4 L 0 878 1
4 D 764 89 1
4 D 764 541 1
4 D 764 837 1
4 D 764 878 1
15 L 0 70 1
15 L 0 659 1
15 L 0 935 1
15 D 775 70 1
15 D 775 659 1
15 D 775 935 1
5 L 0 486 1
5 L 0 727 1
5 L 0 791 1
5 D 785 486 1
5 D 785 727 1
5 D 785 791 1
11 L 0 218 1
11 L 0 235 1
11 L 0 780 1
11 D 791 218 1
11 D 791 235 1
11 D 791 780 1
19 L 0 910 1
19 D 799 910 1

0 L 0 121 1
0 L 0 785 1
0 D 0 121 1
0 D 0 785 1
1 L 0 218 1
1 L 0 247 1
1 L 0 500 1
1 L 0 794 1
1 D 1 218 1
1 D 1 247 1
1 D 1 500 1
1 D 1 794 1
2 L 0 385 1
2 L 0 577 1
2 L 0 835 1
2 D 2 385 1
2 D 2 577 1
2 D 2 835 1
4 L 0 736 1
4 L 0 862 1
4 D 4 736 1
4 D 4 862 1
5 L 0 8 1
5 L 0 597 1
5 L 0 688 1
5 L 0 876 1
5 L 0 981 1
5 D 5 8 1
5 D 5 597 1
5 D 5 688 1
5 D 5 876 1
5 D 5 981 1
6 L 0 52 1
6 L 0 142 1
6 L 0 373 1
6 D 6 52 1
6 D 6 142 1
6 D 6 373 1
7 L 0 336 1
7 L 0 597 1
7 D 7 336 1
7 D 7 597 1
8 L 0 401 1
8 L 0 491 1
8 L 0 987 1
8 D 8 401 1
8 D 8 491 1
8 D 8 987 1
9 L 0 119 1
9 L 0 138 1
9 L 0 242 1
9 D 9 119 1
9 D 9 138 1
9 D 9 242 1
10 L 0 404 2
10 L 0 787 1
10 L 0 869 1
10 D 10 404 2
10 D 10 787 1
10 D 10 869 1
11 L 0 653 1
11 L 0 856 1
11 L 0 982 1
11 D 11 653 1
11 D 11 856 1
11 D 11 982 1
13 L 0 28 1
13 L 0 68 1
13 L 0 372 1
13 L 0 788 1
13 D 13 28 1
13 D 13 68 1
13 D 13 372 1
13 D 13 788 1
14 L 0 107 1
14 L 0 468 1
14 L 0 584 1
14 D 14 107 1
14 D 14 468 1
14 D 14 584 1
15 L 0 78 1
15 L 0 159 1
15 L 0 723 1
15 L 0 764 1
15 L 0 937 1
15 L 0 985 1
15 D 15 78 1
15 D 15 159 1
15 D 15 723 1
15 D 15 764 1
15 D 15 937 1
15 D 15 985 1
18 L 0 221 1
18 L 0 922 1
18 D 18 221 1
18 D 18 922 1
19 L 0 47 1
19 L 0 83 1
19 L 0 259 1
19 L 0 623 1
19 L 0 964 1
19 D 19 47 1
19 D 19 83 1
19 D 19 259 1
19 D 19 623 1
19 D 19 964 1
1 L 0 66 1
1 L 0 780 1
1 D 21 66 1
1 D 21 780 1
2 L 0 17 1
2 L 0 144 1
2 L 0 439 1
2 L 0 883 1
2 D 22 17 1
2 D 22 144 1
2 D 22 439 1
2 D 22 883 1
3 L 0 426 1
3 L 0 440 1
3 L 0 652 1
3 L 0 915 1
3 D 23 426 1
3 D 23 440 1
3 D 23 652 1
3 D 23 915 1
4 L 0 899 1
4 L 0 961 1
4 L 0 971 1
4 D 24 899 1
4 D 24 961 1
4 D 24 971 1
5 L 0 616 1
5 L 0 872 1
5 L 0 937 1
5 D 25 616 1
5 D 25 872 1
5 D 25 937 1
6 L 0 679 1
6 L 0 680 1
6 L 0 950 1
6 D 26 679 1
6 D 26 680 1
6 D 26 950 1
7 L 0 104 1
7 L 0 406 1
7 L 0 598 1
7 D 27 104 1
7 D 27 406 1
7 D 27 598 1
8 L 0 345 1
8 L 0 740 1
8 L 0 975 1
8 D 28 345 1
8 D 28 740 1
8 D 28 975 1
9 L 0 55 1
9 L 0 105 1
9 L 0 210 1
9 D 29 55 1
9 D 29 105 1
9 D 29 210 1
10 L 0 733 1
10 L 0 927 1
10 D 30 733 1
10 D 30 927 1
11 L 0 687 1
11 L 0 880 1
11 L 0 930 1
11 D 31 687 1
11 D 31 880 1
11 D 31 930 1
12 L 0 774 1
12 L 0 836 1
12 D 32 774 1
12 D 32 836 1
13 L 0 422 1
13 L 0 862 1
13 D 33 422 1
13 D 33 862 1
14 L 0 89 1
14 L 0 438 1
14 L 0 509 1
14 L 0 787 1
14 D 34 89 1
14 D 34 438 1
14 D 34 509 1
14 D 34 787 1
15 L 0 587 1
15 L 0 622 1
15 L 0 753 1
15 L 0 780 1
15 L 0 965 1
15 D 35 587 1
15 D 35 622 1
15 D 35 753 1
15 D 35 780 1
15 D 35 965 1
16 L 0 384 2
16 L 0 609 1
16 L 0 736 1
16 L 0 741 1
16 D 36 384 2
16 D 36 609 1
16 D 36 736 1
16 D 36 741 1
17 L 0 45 1
17 L 0 319 1
17 L 0 935 1
17 L 0 995 1
17 D 37 45 1
17 D 37 319 1
17 D 37 935 1
17 D 37 995 1
18 L 0 49 1
18 D 38 49 1
19 L 0 221 2
19 L 0 365 1
19 D 39 221 2
19 D 39 365 1
0 L 0 183 1
0 L 0 795 1
0 L 0 824 1
0 L 0 962 1
0 D 40 183 1
0 D 40 795 1
0 D 40 824 1
0 D 40 962 1
1 L 0 97 1
1 L 0 426 1
1 L 0 613 1
1 D 41 97 1
1 D 41 426 1
1 D 41 613 1
2 L 0 561 1
2 L 0 809 1
2 L 0 979 1
2 D 42 561 1
2 D 42 809 1
2 D 42 979 1
3 L 0 188 1
3 L 0 277 1
3 D 43 188 1
3 D 43 277 1
4 L 0 398 1
4 L 0 403 1
4 L 0 405 1
4 D 44 398 1
4 D 44 403 1
4 D 44 405 1
5 L 0 312 1
5 L 0 371 1
5 L 0 387 1
5 D 45 312 1
5 D 45 371 1
5 D 45 387 1
7 L 0 66 1
7 L 0 220 1
7 D 47 66 1
7 D 47 220 1
8 L 0 802 1
8 L 0 850 1
8 L 0 970 1
8 D 48 802 1
8 D 48 850 1
8 D 48 970 1
9 L 0 277 1
9 L 0 455 1
9 L 0 823 1
9 D 49 277 1
9 D 49 455 1
9 D 49 823 1
10 L 0 350 1
10 L 0 749 1
10 D 50 350 1
10 D 50 749 1
11 L 0 32 1
11 L 0 919 1
11 L 0 950 1
11 D 51 32 1
11 D 51 919 1
11 D 51 950 1
14 L 0 162 1
14 L 0 430 1
14 L 0 840 1
14 D 54 162 1
14 D 54 430 1
14 D 54 840 1
15 L 0 513 1
15 L 0 559 1
15 L 0 798 1
15 L 0 925 1
15 L 0 956 1
15 D 55 513 1
15 D 55 559 1
15 D 55 798 1
15 D 55 925 1
15 D 55 956 1
16 L 0 81 1
16 L 0 138 1
16 L 0 182 1
16 L 0 350 1
16 D 56 81 1
16 D 56 138 1
16 D 56 182 1
16 D 56 350 1
17 L 0 221 1
17 L 0 312 1
17 L 0 501 1
17 D 57 221 1
17 D 57 312 1
17 D 57 501 1
18 L 0 57 1
18 L 0 203 1
18 L 0 406 1
18 L 0 547 1
18 D 58 57 1
18 D 58 203 1
18 D 58 406 1
18 D 58 547 1
0 L 0 405 1
0 L 0 419 1
0 L 0 510 1
0 L 0 512 1
0 D 60 405 1
0 D 60 419 1
0 D 60 510 1
0 D 60 512 1
2 L 0 191 1
2 L 0 283 1
2 L 0 308 1
2 L 0 809 1
2 D 62 191 1
2 D 62 283 1
2 D 62 308 1
2 D 62 809 1
3 L 0 267 1
3 L 0 509 1
3 L 0 840 1
3 D 63 267 1
3 D 63 509 1
3 D 63 840 1
4 L 0 93 1
4 L 0 659 1
4 L 0 964 1
4 D 64 93 1
4 D 64 659 1
4 D 64 964 1
5 L 0 228 1
5 L 0 704 1
5 L 0 963 1
5 D 65 228 1
5 D 65 704 1
5 D 65 963 1
6 L 0 336 1
6 L 0 786 1
6 D 66 336 1
6 D 66 786 1
7 L 0 228 1
7 L 0 614 1
7 L 0 644 1
7 D 67 228 1
7 D 67 614 1
7 D 67 644 1
8 L 0 658 1
8 L 0 876 1
8 L 0 877 1
8 L 0 936 1
8 L 0 989 1
8 D 68 658 1
8 D 68 876 1
8 D 68 877 1
8 D 68 936 1
8 D 68 989 1
9 L 0 58 1
9 L 0 644 1
9 L 0 694 1
9 L 0 836 1
9 D 69 58 1
9 D 69 644 1
9 D 69 694 1
9 D 69 836 1
10 L 0 251 1
10 L 0 371 1
10 L 0 560 1
10 D 70 251 1
10 D 70 371 1
10 D 70 560 1
11 L 0 455 1
11 L 0 465 1
11 L 0 468 1
11 L 0 789 1
11 D 71 455 1
11 D 71 465 1
11 D 71 468 1
11 D 71 789 1
12 L 0 297 1
12 L 0 452 1
12 L 0 456 1
12 L 0 484 1
12 D 72 297 1
12 D 72 452 1
12 D 72 456 1
12 D 72 484 1
15 L 0 63 1
15 L 0 299 1
15 L 0 392 1
15 L 0 663 1
15 L 0 861 1
15 L 0 953 1
15 D 75 63 1
15 D 75 299 1
15 D 75 392 1
15 D 75 663 1
15 D 75 861 1
15 D 75 953 1
16 L 0 122 1
16 L 0 537 1
16 L 0 816 1
16 D 76 122 1
16 D 76 537 1
16 D 76 816 1
17 L 0 526 1
17 L 0 852 1
17 L 0 862 1
17 D 77 526 1
17 D 77 852 1
17 D 77 862 1
18 L 0 210 1
18 L 0 615 1
18 L 0 835 1
18 D 78 210 1
18 D 78 615 1
18 D 78 835 1
19 L 0 509 1
19 L 0 624 1
19 L 0 692 1
19 L 0 939 1
19 D 79 509 1
19 D 79 624 1
19 D 79 692 1
19 D 79 939 1
1 L 0 186 1
1 L 0 687 1
1 L 0 883 1
1 L 0 955 1
1 D 81 186 1
1 D 81 687 1
1 D 81 883 1
1 D 81 955 1
2 L 0 114 1
2 L 0 184 1
2 L 0 292 1
2 L 0 886 1
2 D 82 114 1
2 D 82 184 1
2 D 82 292 1
2 D 82 886 1
3 L 0 175 1
3 L 0 779 1
3 D 83 175 1
3 D 83 779 1
4 L 0 503 1
4 L 0 613 1
4 L 0 976 1
4 D 84 503 1
4 D 84 613 1
4 D 84 976 1
5 L 0 277 1
5 L 0 780 1
5 D 85 277 1
5 D 85 780 1
6 L 0 121 1
6 L 0 548 1
6 L 0 848 1
6 D 86 121 1
6 D 86 548 1
6 D 86 848 1
7 L 0 160 1
7 L 0 192 1
7 L 0 517 1
7 L 0 694 1
7 D 87 160 1
7 D 87 192 1
7 D 87 517 1
7 D 87 694 1
8 L 0 299 1
8 L 0 699 1
8 L 0 890 1
8 L 0 919 1
8 D 88 299 1
8 D 88 699 1
8 D 88 890 1
8 D 88 919 1
9 L 0 162 1
9 L 0 327 1
9 L 0 787 1
9 L 0 883 1
9 D 89 162 1
9 D 89 327 1
9 D 89 787 1
9 D 89 883 1
10 L 0 528 1
10 L 0 565 1
10 D 90 528 1
10 D 90 565 1
11 L 0 162 1
11 L 0 182 1
11 L 0 441 1
11 L 0 483 1
11 L 0 615 1
11 D 91 162 1
11 D 91 182 1
11 D 91 441 1
11 D 91 483 1
11 D 91 615 1
12 L 0 185 1
12 L 0 794 1
12 D 92 185 1
12 D 92 794 1
13 L 0 185 1
13 L 0 296 1
13 L 0 341 1
13 L 0 742 1
13 L 0 995 1
13 D 93 185 1
13 D 93 296 1
13 D 93 341 1
13 D 93 742 1
13 D 93 995 1
14 L 0 713 1
14 L 0 716 1
14 L 0 886 1
14 D 94 713 1
14 D 94 716 1
14 D 94 886 1
15 L 0 114 1
15 L 0 347 1
15 L 0 680 1
15 L 0 940 1
15 D 95 114 1
15 D 95 347 1
15 D 95 680 1
15 D 95 940 1
16 L 0 153 1
16 L 0 591 1
16 L 0 835 1
16 D 96 153 1
16 D 96 591 1
16 D 96 835 1
17 L 0 41 1
17 L 0 279 1
17 L 0 287 1
17 D 97 41 1
17 D 97 279 1
17 D 97 287 1
18 L 0 384 1
18 L 0 486 1
18 L 0 736 1
18 L 0 918 1
18 D 98 384 1
18 D 98 486 1
18 D 98 736 1
18 D 98 918 1
19 L 0 132 1
19 L 0 138 1
19 L 0 254 1
19 L 0 644 1
19 D 99 132 1
19 D 99 138 1
19 D 99 254 1
19 D 99 644 1
0 L 0 106 1
0 L 0 599 1
0 D 100 106 1
0 D 100 599 1
1 L 0 183 1
1 L 0 537 1
1 L 0 756 1
1 D 101 183 1
1 D 101 537 1
1 D 101 756 1
2 L 0 205 1
2 L 0 707 1
2 L 0 749 1
2 D 102 205 1
2 D 102 707 1
2 D 102 749 1
3 L 0 384 1
3 L 0 441 1
3 L 0 591 1
3 L 0 721 1
3 L 0 801 1
3 D 103 384 1
3 D 103 441 1
3 D 103 591 1
3 D 103 721 1
3 D 103 801 1
4 L 0 79 1
4 L 0 373 1
4 L 0 465 1
4 L 0 989 1
4 D 104 79 1
4 D 104 373 1
4 D 104 465 1
4 D 104 989 1
5 L 0 81 1
5 L 0 113 1
5 L 0 172 1
5 L 0 465 1
5 L 0 513 1
5 D 105 81 1
5 D 105 113 1
5 D 105 172 1
5 D 105 465 1
5 D 105 513 1
6 L 0 937 1
6 L 0 973 1
6 D 106 937 1
6 D 106 973 1
7 L 0 693 1
7 L 0 822 1
7 D 107 693 1
7 D 107 822 1
8 L 0 54 1
8 L 0 168 1
8 L 0 526 1
8 D 108 54 1
8 D 108 168 1
8 D 108 526 1
9 L 0 788 1
9 L 0 877 1
9 L 0 899 1
9 L 0 919 1
9 D 109 788 1
9 D 109 877 1
9 D 109 899 1
9 D 109 919 1
11 L 0 260 1
11 L 0 426 1
11 D 111 260 1
11 D 111 426 1
12 L 0 733 1
12 L 0 935 1
12 D 112 733 1
12 D 112 935 1
13 L 0 187 1
13 L 0 478 1
13 L 0 495 1
13 L 0 898 1
13 D 113 187 1
13 D 113 478 1
13 D 113 495 1
13 D 113 898 1
14 L 0 405 1
14 L 0 554 1
14 L 0 802 1
14 D 114 405 1
14 D 114 554 1
14 D 114 802 1
15 L 0 46 1
15 L 0 296 1
15 L 0 477 1
15 L 0 618 1
15 D 115 46 1
15 D 115 296 1
15 D 115 477 1
15 D 115 618 1
16 L 0 198 1
16 L 0 338 1
16 L 0 688 1
16 D 116 198 1
16 D 116 338 1
16 D 116 688 1
17 L 0 167 1
17 L 0 247 1
17 L 0 837 1
17 D 117 167 1
17 D 117 247 1
17 D 117 837 1
18 L 0 205 1
18 L 0 229 1
18 L 0 618 1
18 D 118 205 1
18 D 118 229 1
18 D 118 618 1
19 L 0 572 1
19 L 0 751 1
19 L 0 810 1
19 L 0 883 1
19 D 119 572 1
19 D 119 751 1
19 D 119 810 1
19 D 119 883 1
0 L 0 598 1
0 L 0 706 1
0 L 0 743 1
0 D 120 598 1
0 D 120 706 1
0 D 120 743 1
2 L 0 107 1
2 L 0 688 1
2 L 0 958 1
2 D 122 107 1
2 D 122 688 1
2 D 122 958 1
3 L 0 68 1
3 L 0 270 1
3 L 0 440 1
3 D 123 68 1
3 D 123 270 1
3 D 123 440 1
5 L 0 130 1
5 L 0 197 1
5 L 0 998 1
5 D 125 130 1
5 D 125 197 1
5 D 125 998 1
6 L 0 263 1
6 L 0 455 1
6 D 126 263 1
6 D 126 455 1
7 L 0 26 1
7 L 0 41 1
7 L 0 927 1
7 D 127 26 1
7 D 127 41 1
7 D 127 927 1
9 L 0 127 1
9 D 129 127 1
10 L 0 362 1
10 L 0 382 1
10 D 130 362 1
10 D 130 382 1
11 L 0 281 1
11 L 0 626 1
11 L 0 839 1
11 D 131 281 1
11 D 131 626 1
11 D 131 839 1
12 L 0 382 1
12 L 0 398 1
12 L 0 483 1
12 L 0 920 1
12 L 0 945 1
12 D 132 382 1
12 D 132 398 1
12 D 132 483 1
12 D 132 920 1
12 D 132 945 1
13 L 0 92 1
13 L 0 445 1
13 L 0 799 1
13 D 133 92 1
13 D 133 445 1
13 D 133 799 1
15 L 0 182 1
15 L 0 406 1
15 L 0 508 1
15 L 0 737 1
15 L 0 769 1
15 D 135 182 1
15 D 135 406 1
15 D 135 508 1
15 D 135 737 1
15 D 135 769 1
18 L 0 504 1
18 L 0 600 1
18 D 138 504 1
18 D 138 600 1
0 L 0 382 1
0 L 0 576 1
0 L 0 688 1
0 D 140 382 1
0 D 140 576 1
0 D 140 688 1
1 L 0 512 1
1 L 0 567 1
1 L 0 831 1
1 L 0 992 1
1 D 141 512 1
1 D 141 567 1
1 D 141 831 1
1 D 141 992 1
2 L 0 235 1
2 L 0 247 1
2 L 0 429 1
2 L 0 641 1
2 D 142 235 1
2 D 142 247 1
2 D 142 429 1
2 D 142 641 1
3 L 0 397 1
3 L 0 824 1
3 L 0 825 1
3 L 0 920 1
3 D 143 397 1
3 D 143 824 1
3 D 143 825 1
3 D 143 920 1
4 L 0 593 1
4 L 0 617 1
4 D 144 593 1
4 D 144 617 1
5 L 0 278 1
5 L 0 286 1
5 L 0 338 1
5 D 145 278 1
5 D 145 286 1
5 D 145 338 1
6 L 0 230 1
6 L 0 801 1
6 L 0 859 1
6 D 146 230 1
6 D 146 801 1
6 D 146 859 1
7 L 0 233 1
7 L 0 564 1
7 L 0 636 1
7 L 0 688 1
7 L 0 877 1
7 D 147 233 1
7 D 147 564 1
7 D 147 636 1
7 D 147 688 1
7 D 147 877 1
8 L 0 31 1
8 L 0 943 1
8 D 148 31 1
8 D 148 943 1
10 L 0 97 1
10 L 0 781 1
10 L 0 845 1
10 D 150 97 1
10 D 150 781 1
10 D 150 845 1
11 L 0 199 1
11 L 0 275 1
11 L 0 707 1
11 D 151 199 1
11 D 151 275 1
11 D 151 707 1
12 L 0 63 1
12 L 0 67 1
12 L 0 149 1
12 L 0 277 1
12 L 0 645 1
12 D 152 63 1
12 D 152 67 1
12 D 152 149 1
12 D 152 277 1
12 D 152 645 1
13 L 0 105 1
13 L 0 773 1
13 L 0 875 1
13 D 153 105 1
13 D 153 773 1
13 D 153 875 1
14 L 0 401 1
14 L 0 598 1
14 L 0 875 1
14 D 154 401 1
14 D 154 598 1
14 D 154 875 1
17 L 0 169 1
17 L 0 358 1
17 L 0 383 1
17 L 0 623 1
17 L 0 918 1
17 D 157 169 1
17 D 157 358 1
17 D 157 383 1
17 D 157 623 1
17 D 157 918 1
18 L 0 174 1
18 L 0 460 1
18 L 0 759 1
18 D 158 174 1
18 D 158 460 1
18 D 158 759 1
19 L 0 88 1
19 L 0 484 1
19 L 0 894 1
19 D 159 88 1
19 D 159 484 1
19 D 159 894 1
0 L 0 35 1
0 L 0 50 1
0 L 0 424 1
0 L 0 584 1
0 L 0 702 1
0 D 160 35 1
0 D 160 50 1
0 D 160 424 1
0 D 160 584 1
0 D 160 702 1
1 L 0 14 1
1 L 0 743 1
1 L 0 990 1
1 D 161 14 1
1 D 161 743 1
1 D 161 990 1
2 L 0 468 1
2 L 0 482 1
2 L 0 492 1
2 D 162 468 1
2 D 162 482 1
2 D 162 492 1
3 L 0 335 1
3 L 0 528 1
3 L 0 598 1
3 D 163 335 1
3 D 163 528 1
3 D 163 598 1
4 L 0 321 1
4 L 0 701 1
4 L 0 823 1
4 D 164 321 1
4 D 164 701 1
4 D 164 823 1
5 L 0 372 1
5 L 0 406 1
5 L 0 553 1
5 L 0 557 1
5 D 165 372 1
5 D 165 406 1
5 D 165 553 1
5 D 165 557 1
6 L 0 339 1
6 L 0 610 1
6 L 0 621 1
6 L 0 937 1
6 D 166 339 1
6 D 166 610 1
6 D 166 621 1
6 D 166 937 1
7 L 0 355 1
7 L 0 367 1
7 L 0 754 1
7 D 167 355 1
7 D 167 367 1
7 D 167 754 1
9 L 0 332 1
9 L 0 551 1
9 L 0 814 1
9 D 169 332 1
9 D 169 551 1
9 D 169 814 1
11 L 0 219 1
11 L 0 278 1
11 L 0 650 1
11 D 171 219 1
11 D 171 278 1
11 D 171 650 1
14 L 0 63 1
14 L 0 453 1
14 L 0 624 1
14 D 174 63 1
14 D 174 453 1
14 D 174 624 1
16 L 0 16 1
16 L 0 525 1
16 L 0 705 1
16 D 176 16 1
16 D 176 525 1
16 D 176 705 1
17 L 0 25 1
17 L 0 748 1
17 L 0 769 1
17 L 0 864 1
17 L 0 937 1
17 D 177 25 1
17 D 177 748 1
17 D 177 769 1
17 D 177 864 1
17 D 177 937 1
18 L 0 216 1
18 L 0 243 1
18 L 0 401 1
18 L 0 688 1
18 D 178 216 1
18 D 178 243 1
18 D 178 401 1
18 D 178 688 1
19 L 0 62 1
19 L 0 929 1
19 L 0 956 1
19 L 0 992 1
19 D 179 62 1
19 D 179 929 1
19 D 179 956 1
19 D 179 992 1
0 L 0 238 1
0 L 0 283 1
0 L 0 345 1
0 L 0 622 1
0 D 180 238 1
0 D 180 283 1
0 D 180 345 1
0 D 180 622 1
1 L 0 733 1
1 L 0 889 1
1 D 181 733 1
1 D 181 889 1
2 L 0 262 1
2 L 0 793 1
2 L 0 910 1
2 D 182 262 1
2 D 182 793 1
2 D 182 910 1
3 L 0 352 1
3 L 0 643 1
3 L 0 948 1
3 D 183 352 1
3 D 183 643 1
3 D 183 948 1
6 L 0 289 1
6 L 0 788 1
6 L 0 813 1
6 D 186 289 1
6 D 186 788 1
6 D 186 813 1
7 L 0 623 1
7 L 0 639 1
7 L 0 889 1
7 D 187 623 1
7 D 187 639 1
7 D 187 889 1
9 L 0 555 1
9 L 0 556 1
9 L 0 632 1
9 D 189 555 1
9 D 189 556 1
9 D 189 632 1
13 L 0 350 1
13 L 0 499 1
13 D 193 350 1
13 D 193 499 1
15 L 0 252 1
15 L 0 709 1
15 L 0 959 1
15 D 195 252 1
15 D 195 709 1
15 D 195 959 1
16 L 0 195 1
16 L 0 456 1
16 D 196 195 1
16 D 196 456 1
18 L 0 41 1
18 L 0 354 1
18 L 0 789 1
18 D 198 41 1
18 D 198 354 1
18 D 198 789 1
19 L 0 569 1
19 L 0 777 1
19 L 0 789 1
19 D 199 569 1
19 D 199 777 1
19 D 199 789 1
1 L 0 224 1
1 L 0 285 1
1 D 201 224 1
1 D 201 285 1
2 L 0 97 1
2 L 0 203 1
2 L 0 227 1
2 L 0 365 1
2 L 0 432 1
2 D 202 97 1
2 D 202 203 1
2 D 202 227 1
2 D 202 365 1
2 D 202 432 1
3 L 0 96 1
3 L 0 534 1
3 L 0 794 1
3 L 0 819 1
3 D 203 96 1
3 D 203 534 1
3 D 203 794 1
3 D 203 819 1
4 L 0 283 1
4 L 0 299 1
4 L 0 355 1
4 L 0 586 1
4 D 204 283 1
4 D 204 299 1
4 D 204 355 1
4 D 204 586 1
6 L 0 62 1
6 L 0 560 1
6 L 0 965 1
6 D 206 62 1
6 D 206 560 1
6 D 206 965 1
7 L 0 154 1
7 L 0 478 1
7 L 0 529 1
7 D 207 154 1
7 D 207 478 1
7 D 207 529 1
8 L 0 32 1
8 L 0 446 1
8 L 0 726 1
8 L 0 769 1
8 L 0 967 1
8 D 208 32 1
8 D 208 446 1
8 D 208 726 1
8 D 208 769 1
8 D 208 967 1
9 L 0 28 1
9 L 0 162 1
9 L 0 237 1
9 L 0 239 1
9 D 209 28 1
9 D 209 162 1
9 D 209 237 1
9 D 209 239 1
10 L 0 221 1
10 L 0 413 1
10 L 0 427 1
10 D 210 221 1
10 D 210 413 1
10 D 210 427 1
12 L 0 129 1
12 L 0 220 1
12 L 0 513 1
12 L 0 787 1
12 D 212 129 1
12 D 212 220 1
12 D 212 513 1
12 D 212 787 1
14 L 0 100 1
14 L 0 467 1
14 D 214 100 1
14 D 214 467 1
15 L 0 66 1
15 L 0 528 1
15 L 0 726 1
15 L 0 753 1
15 D 215 66 1
15 D 215 528 1
15 D 215 726 1
15 D 215 753 1
17 L 0 197 1
17 L 0 362 1
17 L 0 449 1
17 D 217 197 1
17 D 217 362 1
17 D 217 449 1
18 L 0 465 1
18 L 0 488 1
18 L 0 593 1
18 D 218 465 1
18 D 218 488 1
18 D 218 593 1
19 L 0 438 1
19 L 0 513 1
19 L 0 561 1
19 L 0 623 1
19 L 0 937 1
19 D 219 438 1
19 D 219 513 1
19 D 219 561 1
19 D 219 623 1
19 D 219 937 1
0 L 0 94 1
0 L 0 215 1
0 L 0 411 1
0 L 0 615 1
0 D 220 94 1
0 D 220 215 1
0 D 220 411 1
0 D 220 615 1
1 L 0 112 1
1 L 0 136 1
1 L 0 547 1
1 L 0 991 1
1 D 221 112 1
1 D 221 136 1
1 D 221 547 1
1 D 221 991 1
3 L 0 105 1
3 L 0 372 1
3 L 0 563 1
3 D 223 105 1
3 D 223 372 1
3 D 223 563 1
4 L 0 114 1
4 L 0 211 1
4 L 0 358 1
4 L 0 916 1
4 D 224 114 1
4 D 224 211 1
4 D 224 358 1
4 D 224 916 1
5 L 0 125 1
5 L 0 358 1
5 L 0 470 1
5 L 0 920 1
5 D 225 125 1
5 D 225 358 1
5 D 225 470 1
5 D 225 920 1
6 L 0 239 1
6 L 0 717 1
6 D 226 239 1
6 D 226 717 1
7 L 0 373 1
7 L 0 706 1
7 L 0 807 1
7 D 227 373 1
7 D 227 706 1
7 D 227 807 1
9 L 0 40 1
9 L 0 220 1
9 L 0 509 1
9 L 0 584 1
9 L 0 631 1
9 D 229 40 1
9 D 229 220 1
9 D 229 509 1
9 D 229 584 1
9 D 229 631 1
10 L 0 93 1
10 L 0 391 1
10 D 230 93 1
10 D 230 391 1
12 L 0 475 1
12 L 0 477 1
12 L 0 623 1
12 D 232 475 1
12 D 232 477 1
12 D 232 623 1
14 L 0 808 1
14 L 0 862 1
14 D 234 808 1
14 D 234 862 1
15 L 0 160 1
15 L 0 289 1
15 L 0 509 1
15 L 0 726 1
15 D 235 160 1
15 D 235 289 1
15 D 235 509 1
15 D 235 726 1
16 L 0 278 1
16 L 0 290 1
16 L 0 673 1
16 D 236 278 1
16 D 236 290 1
16 D 236 673 1
17 L 0 63 1
17 L 0 645 1
17 L 0 780 1
17 L 0 875 1
17 L 0 919 1
17 D 237 63 1
17 D 237 645 1
17 D 237 780 1
17 D 237 875 1
17 D 237 919 1
18 L 0 75 1
18 L 0 939 1
18 D 238 75 1
18 D 238 939 1
19 L 0 220 1
19 L 0 664 1
19 D 239 220 1
19 D 239 664 1
0 L 0 103 1
0 L 0 517 1
0 L 0 815 1
0 L 0 955 1
0 D 240 103 1
0 D 240 517 1
0 D 240 815 1
0 D 240 955 1
1 L 0 386 1
1 L 0 631 1
1 L 0 849 1
1 L 0 893 1
1 D 241 386 1
1 D 241 631 1
1 D 241 849 1
1 D 241 893 1
2 L 0 559 1
2 L 0 763 1
2 L 0 994 1
2 D 242 559 1
2 D 242 763 1
2 D 242 994 1
3 L 0 301 1
3 L 0 645 1
3 L 0 857 1
3 L 0 962 1
3 L 0 996 1
3 D 243 301 1
3 D 243 645 1
3 D 243 857 1
3 D 243 962 1
3 D 243 996 1
5 L 0 104 1
5 L 0 392 1
5 L 0 651 1
5 D 245 104 1
5 D 245 392 1
5 D 245 651 1
6 L 0 19 1
6 L 0 62 1
6 L 0 119 1
6 L 0 184 1
6 D 246 19 1
6 D 246 62 1
6 D 246 119 1
6 D 246 184 1
7 L 0 298 1
7 L 0 965 1
7 D 247 298 1
7 D 247 965 1
8 L 0 162 1
8 L 0 184 1
8 L 0 260 1
8 L 0 751 1
8 D 248 162 1
8 D 248 184 1
8 D 248 260 1
8 D 248 751 1
9 L 0 326 1
9 L 0 793 1
9 D 249 326 1
9 D 249 793 1
10 L 0 365 1
10 L 0 883 1
10 L 0 965 1
10 D 250 365 1
10 D 250 883 1
10 D 250 965 1
11 L 0 289 1
11 L 0 966 1
11 D 251 289 1
11 D 251 966 1
12 L 0 96 1
12 L 0 388 1
12 D 252 96 1
12 D 252 388 1
13 L 0 461 1
13 L 0 871 1
13 L 0 889 1
13 D 253 461 1
13 D 253 871 1
13 D 253 889 1
14 L 0 139 1
14 L 0 278 1
14 L 0 492 1
14 L 0 637 1
14 D 254 139 1
14 D 254 278 1
14 D 254 492 1
14 D 254 637 1
16 L 0 307 1
16 L 0 410 1
16 L 0 623 1
16 D 256 307 1
16 D 256 410 1
16 D 256 623 1
17 L 0 475 1
17 L 0 914 1
17 D 257 475 1
17 D 257 914 1
18 L 0 67 1
18 L 0 407 1
18 L 0 534 1
18 L 0 790 1
18 D 258 67 1
18 D 258 407 1
18 D 258 534 1
18 D 258 790 1
0 L 0 18 1
0 L 0 325 1
0 L 0 783 1
0 D 260 18 1
0 D 260 325 1
0 D 260 783 1
1 L 0 32 1
1 L 0 463 1
1 L 0 632 1
1 D 261 32 1
1 D 261 463 1
1 D 261 632 1
4 L 0 104 1
4 L 0 161 1
4 D 264 104 1
4 D 264 161 1
7 L 0 355 1
7 L 0 744 1
7 L 0 863 1
7 D 267 355 1
7 D 267 744 1
7 D 267 863 1
9 L 0 290 1
9 L 0 300 1
9 L 0 513 1
9 L 0 803 1
9 L 0 904 1
9 D 269 290 1
9 D 269 300 1
9 D 269 513 1
9 D 269 803 1
9 D 269 904 1
10 L 0 41 1
10 L 0 747 1
10 D 270 41 1
10 D 270 747 1
11 L 0 219 1
11 L 0 230 1
11 L 0 283 1
11 L 0 801 1
11 D 271 219 1
11 D 271 230 1
11 D 271 283 1
11 D 271 801 1
12 L 0 35 1
12 L 0 547 1
12 L 0 598 1
12 L 0 758 1
12 D 272 35 1
12 D 272 547 1
12 D 272 598 1
12 D 272 758 1
14 L 0 7 1
14 L 0 80 1
14 L 0 865 1
14 D 274 7 1
14 D 274 80 1
14 D 274 865 1
15 L 0 171 1
15 L 0 486 1
15 L 0 760 1
15 L 0 854 1
15 D 275 171 1
15 D 275 486 1
15 D 275 760 1
15 D 275 854 1
17 L 0 52 1
17 L 0 259 1
17 L 0 375 1
17 L 0 736 1
17 L 0 869 1
17 L 0 939 1
17 D 277 52 1
17 D 277 259 1
17 D 277 375 1
17 D 277 736 1
17 D 277 869 1
17 D 277 939 1
18 L 0 184 1
18 L 0 219 1
18 L 0 349 1
18 L 0 518 1
18 D 278 184 1
18 D 278 219 1
18 D 278 349 1
18 D 278 518 1
19 L 0 17 1
19 L 0 125 1
19 L 0 772 1
19 D 279 17 1
19 D 279 125 1
19 D 279 772 1
0 L 0 553 1
0 L 0 642 1
0 D 280 553 1
0 D 280 642 1
1 L 0 30 1
1 L 0 835 1
1 L 0 937 1
1 D 281 30 1
1 D 281 835 1
1 D 281 937 1
2 L 0 364 1
2 L 0 621 1
2 L 0 654 1
2 L 0 934 1
2 D 282 364 1
2 D 282 621 1
2 D 282 654 1
2 D 282 934 1
3 L 0 297 1
3 L 0 594 1
3 L 0 601 1
3 L 0 753 1
3 D 283 297 1
3 D 283 594 1
3 D 283 601 1
3 D 283 753 1
4 L 0 114 1
4 L 0 346 1
4 L 0 538 1
4 D 284 114 1
4 D 284 346 1
4 D 284 538 1
5 L 0 444 1
5 L 0 709 1
5 D 285 444 1
5 D 285 709 1
6 L 0 160 1
6 L 0 261 1
6 L 0 483 1
6 D 286 160 1
6 D 286 261 1
6 D 286 483 1
7 L 0 159 1
7 L 0 372 1
7 L 0 834 1
7 L 0 855 1
7 D 287 159 1
7 D 287 372 1
7 D 287 834 1
7 D 287 855 1
8 L 0 427 1
8 L 0 463 1
8 D 288 427 1
8 D 288 463 1
10 L 0 457 1
10 L 0 484 1
10 L 0 749 1
10 D 290 457 1
10 D 290 484 1
10 D 290 749 1
11 L 0 129 1
11 L 0 429 1
11 L 0 589 1
11 L 0 809 1
11 D 291 129 1
11 D 291 429 1
11 D 291 589 1
11 D 291 809 1
12 L 0 719 1
12 L 0 795 1
12 D 292 719 1
12 D 292 795 1
13 L 0 130 1
13 L 0 216 1
13 L 0 964 1
13 D 293 130 1
13 D 293 216 1
13 D 293 964 1
14 L 0 208 1
14 L 0 288 1
14 L 0 601 1
14 D 294 208 1
14 D 294 288 1
14 D 294 601 1
15 L 0 64 1
15 L 0 149 1
15 L 0 259 1
15 L 0 438 1
15 D 295 64 1
15 D 295 149 1
15 D 295 259 1
15 D 295 438 1
16 L 0 310 1
16 L 0 316 1
16 L 0 381 1
16 L 0 623 1
16 D 296 310 1
16 D 296 316 1
16 D 296 381 1
16 D 296 623 1
19 L 0 109 1
19 L 0 435 1
19 L 0 478 1
19 L 0 970 1
19 D 299 109 1
19 D 299 435 1
19 D 299 478 1
19 D 299 970 1
0 L 0 428 1
0 L 0 488 1
0 L 0 777 1
0 L 0 781 1
0 L 0 870 1
0 D 300 428 1
0 D 300 488 1
0 D 300 777 1
0 D 300 781 1
0 D 300 870 1
1 L 0 145 1
1 L 0 745 1
1 L 0 952 1
1 D 301 145 1
1 D 301 745 1
1 D 301 952 1
2 L 0 905 1
2 L 0 911 1
2 D 302 905 1
2 D 302 911 1
3 L 0 259 1
3 L 0 272 1
3 L 0 726 1
3 L 0 968 1
3 D 303 259 1
3 D 303 272 1
3 D 303 726 1
3 D 303 968 1
5 L 0 862 1
5 D 305 862 1
6 L 0 277 1
6 L 0 806 1
6 D 306 277 1
6 D 306 806 1
7 L 0 104 1
7 L 0 145 1
7 L 0 370 1
7 L 0 375 1
7 D 307 104 1
7 D 307 145 1
7 D 307 370 1
7 D 307 375 1
8 L 0 455 1
8 L 0 563 1
8 L 0 989 1
8 D 308 455 1
8 D 308 563 1
8 D 308 989 1
9 L 0 1 1
9 L 0 87 1
9 L 0 360 1
9 L 0 659 1
9 D 309 1 1
9 D 309 87 1
9 D 309 360 1
9 D 309 659 1
10 L 0 23 1
10 L 0 428 1
10 L 0 685 1
10 D 310 23 1
10 D 310 428 1
10 D 310 685 1
11 L 0 28 1
11 L 0 526 1
11 L 0 949 1
11 D 311 28 1
11 D 311 526 1
11 D 311 949 1
12 L 0 431 1
12 L 0 916 1
12 D 312 431 1
12 D 312 916 1
13 L 0 427 1
13 L 0 531 1
13 L 0 686 1
13 D 313 427 1
13 D 313 531 1
13 D 313 686 1
14 L 0 275 1
14 L 0 296 1
14 L 0 902 1
14 D 314 275 1
14 D 314 296 1
14 D 314 902 1
15 L 0 172 1
15 L 0 327 1
15 L 0 557 1
15 L 0 769 1
15 D 315 172 1
15 D 315 327 1
15 D 315 557 1
15 D 315 769 1
16 L 0 35 1
16 L 0 70 1
16 L 0 276 1
16 L 0 500 1
16 L 0 952 1
16 D 316 35 1
16 D 316 70 1
16 D 316 276 1
16 D 316 500 1
16 D 316 952 1
17 L 0 35 1
17 L 0 371 1
17 L 0 750 1
17 L 0 882 1
17 D 317 35 1
17 D 317 371 1
17 D 317 750 1
17 D 317 882 1
18 L 0 299 1
18 L 0 575 1
18 L 0 697 1
18 D 318 299 1
18 D 318 575 1
18 D 318 697 1
19 L 0 154 1
19 L 0 971 1
19 D 319 154 1
19 D 319 971 1
1 L 0 86 1
1 L 0 406 1
1 L 0 641 1
1 D 321 86 1
1 D 321 406 1
1 D 321 641 1
2 L 0 688 1
2 L 0 807 1
2 L 0 833 1
2 D 322 688 1
2 D 322 807 1
2 D 322 833 1
4 L 0 239 1
4 L 0 275 1
4 D 324 239 1
4 D 324 275 1
5 L 0 487 1
5 L 0 724 1
5 L 0 911 1
5 D 325 487 1
5 D 325 724 1
5 D 325 911 1
7 L 0 35 1
7 L 0 216 1
7 L 0 673 1
7 D 327 35 1
7 D 327 216 1
7 D 327 673 1
9 L 0 31 1
9 L 0 50 1
9 L 0 135 1
9 L 0 283 1
9 D 329 31 1
9 D 329 50 1
9 D 329 135 1
9 D 329 283 1
11 L 0 350 2
11 L 0 541 1
11 D 331 350 2
11 D 331 541 1
12 L 0 301 1
12 L 0 627 1
12 D 332 301 1
12 D 332 627 1
13 L 0 29 1
13 L 0 861 1
13 L 0 935 1
13 D 333 29 1
13 D 333 861 1
13 D 333 935 1
14 L 0 693 1
14 L 0 769 1
14 L 0 904 1
14 D 334 693 1
14 D 334 769 1
14 D 334 904 1
15 L 0 499 1
15 L 0 722 1
15 D 335 499 1
15 D 335 722 1
16 L 0 409 1
16 L 0 927 1
16 D 336 409 1
16 D 336 927 1
17 L 0 278 1
17 L 0 428 1
17 L 0 610 1
17 D 337 278 1
17 D 337 428 1
17 D 337 610 1
19 L 0 303 1
19 L 0 645 1
19 L 0 904 1
19 L 0 992 1
19 D 339 303 1
19 D 339 645 1
19 D 339 904 1
19 D 339 992 1
0 L 0 12 1
0 L 0 478 1
0 L 0 748 1
0 L 0 851 1
0 D 340 12 1
0 D 340 478 1
0 D 340 748 1
0 D 340 851 1
1 L 0 182 1
1 L 0 607 1
1 D 341 182 1
1 D 341 607 1
2 L 0 51 1
2 L 0 276 1
2 L 0 286 1
2 D 342 51 1
2 D 342 276 1
2 D 342 286 1
3 L 0 710 1
3 L 0 798 1
3 L 0 971 1
3 D 343 710 1
3 D 343 798 1
3 D 343 971 1
4 L 0 50 1
4 L 0 282 1
4 L 0 301 1
4 L 0 490 1
4 D 344 50 1
4 D 344 282 1
4 D 344 301 1
4 D 344 490 1
5 L 0 113 1
5 L 0 169 1
5 L 0 577 1
5 D 345 113 1
5 D 345 169 1
5 D 345 577 1
7 L 0 308 1
7 L 0 715 1
7 L 0 967 1
7 D 347 308 1
7 D 347 715 1
7 D 347 967 1
9 L 0 7 1
9 L 0 63 1
9 L 0 103 1
9 L 0 303 1
9 D 349 7 1
9 D 349 63 1
9 D 349 103 1
9 D 349 303 1
10 L 0 158 1
10 L 0 268 1
10 L 0 287 1
10 L 0 509 1
10 L 0 623 1
10 L 0 741 1
10 D 350 158 1
10 D 350 268 1
10 D 350 287 1
10 D 350 509 1
10 D 350 623 1
10 D 350 741 1
11 L 0 154 1
11 L 0 348 1
11 D 351 154 1
11 D 351 348 1
13 L 0 142 1
13 L 0 197 1
13 L 0 454 1
13 L 0 644 1
13 L 0 961 1
13 D 353 142 1
13 D 353 197 1
13 D 353 454 1
13 D 353 644 1
13 D 353 961 1
14 L 0 862 1
14 L 0 915 1
14 L 0 926 1
14 D 354 862 1
14 D 354 915 1
14 D 354 926 1
15 L 0 613 1
15 L 0 935 1
15 D 355 613 1
15 D 355 935 1
17 L 0 171 1
17 L 0 366 1
17 L 0 972 1
17 D 357 171 1
17 D 357 366 1
17 D 357 972 1
18 L 0 105 1
18 L 0 111 1
18 L 0 211 1
18 L 0 832 1
18 D 358 105 1
18 D 358 111 1
18 D 358 211 1
18 D 358 832 1
19 L 0 233 1
19 L 0 685 1
19 L 0 900 1
19 D 359 233 1
19 D 359 685 1
19 D 359 900 1
0 L 0 272 1
0 L 0 354 1
0 L 0 756 1
0 D 360 272 1
0 D 360 354 1
0 D 360 756 1
1 L 0 346 1
1 L 0 382 1
1 L 0 723 1
1 L 0 877 1
1 D 361 346 1
1 D 361 382 1
1 D 361 723 1
1 D 361 877 1
2 L 0 256 1
2 L 0 335 1
2 L 0 883 1
2 D 362 256 1
2 D 362 335 1
2 D 362 883 1
3 L 0 403 1
3 L 0 661 1
3 L 0 771 1
3 L 0 871 1
3 D 363 403 1
3 D 363 661 1
3 D 363 771 1
3 D 363 871 1
4 L 0 122 1
4 L 0 280 1
4 L 0 386 1
4 L 0 616 1
4 D 364 122 1
4 D 364 280 1
4 D 364 386 1
4 D 364 616 1
6 L 0 278 1
6 L 0 682 1
6 D 366 278 1
6 D 366 682 1
8 L 0 124 1
8 L 0 239 1
8 D 368 124 1
8 D 368 239 1
9 L 0 160 1
9 L 0 661 1
9 L 0 883 1
9 L 0 992 1
9 D 369 160 1
9 D 369 661 1
9 D 369 883 1
9 D 369 992 1
10 L 0 820 1
10 L 0 843 1
10 D 370 820 1
10 D 370 843 1
12 L 0 252 1
12 L 0 836 1
12 L 0 877 1
12 L 0 921 1
12 D 372 252 1
12 D 372 836 1
12 D 372 877 1
12 D 372 921 1
13 L 0 145 1
13 L 0 159 1
13 L 0 431 1
13 L 0 531 1
13 L 0 632 1
13 D 373 145 1
13 D 373 159 1
13 D 373 431 1
13 D 373 531 1
13 D 373 632 1
14 L 0 372 1
14 L 0 489 1
14 L 0 593 1
14 D 374 372 1
14 D 374 489 1
14 D 374 593 1
15 L 0 97 1
15 L 0 104 1
15 L 0 620 1
15 L 0 758 1
15 D 375 97 1
15 D 375 104 1
15 D 375 620 1
15 D 375 758 1
16 L 0 447 1
16 L 0 697 1
16 L 0 855 1
16 D 376 447 1
16 D 376 697 1
16 D 376 855 1
17 L 0 196 1
17 L 0 268 1
17 L 0 638 1
17 L 0 959 1
17 L 0 966 1
17 D 377 196 1
17 D 377 268 1
17 D 377 638 1
17 D 377 959 1
17 D 377 966 1
18 L 0 105 1
18 L 0 770 1
18 L 0 808 1
18 D 378 105 1
18 D 378 770 1
18 D 378 808 1
0 L 0 35 1
0 L 0 305 1
0 L 0 991 1
0 D 380 35 1
0 D 380 305 1
0 D 380 991 1
1 L 0 104 1
1 L 0 272 1
1 L 0 323 1
1 D 381 104 1
1 D 381 272 1
1 D 381 323 1
2 L 0 81 1
2 L 0 132 1
2 L 0 854 1
2 D 382 81 1
2 D 382 132 1
2 D 382 854 1
3 L 0 560 1
3 L 0 700 1
3 L 0 764 1
3 D 383 560 1
3 D 383 700 1
3 D 383 764 1
4 L 0 127 1
4 L 0 821 1
4 L 0 962 1
4 D 384 127 1
4 D 384 821 1
4 D 384 962 1
5 L 0 96 1
5 L 0 180 1
5 L 0 622 1
5 L 0 905 1
5 D 385 96 1
5 D 385 180 1
5 D 385 622 1
5 D 385 905 1
6 L 0 96 1
6 L 0 678 1
6 L 0 751 1
6 L 0 889 1
6 D 386 96 1
6 D 386 678 1
6 D 386 751 1
6 D 386 889 1
8 L 0 197 1
8 L 0 484 1
8 L 0 741 1
8 L 0 808 1
8 D 388 197 1
8 D 388 484 1
8 D 388 741 1
8 D 388 808 1
9 L 0 215 1
9 L 0 627 1
9 L 0 999 1
9 D 389 215 1
9 D 389 627 1
9 D 389 999 1
10 L 0 13 1
10 L 0 50 1
10 L 0 267 1
10 L 0 475 1
10 D 390 13 1
10 D 390 50 1
10 D 390 267 1
10 D 390 475 1
11 L 0 450 1
11 L 0 658 1
11 L 0 901 1
11 D 391 450 1
11 D 391 658 1
11 D 391 901 1
12 L 0 513 1
12 L 0 795 1
12 L 0 950 1
12 D 392 513 1
12 D 392 795 1
12 D 392 950 1
13 L 0 50 1
13 L 0 213 1
13 L 0 514 1
13 L 0 991 1
13 D 393 50 1
13 D 393 213 1
13 D 393 514 1
13 D 393 991 1
14 L 0 299 1
14 L 0 614 1
14 L 0 639 1
14 L 0 659 1
14 L 0 967 1
14 D 394 299 1
14 D 394 614 1
14 D 394 639 1
14 D 394 659 1
14 D 394 967 1
15 L 0 745 1
15 L 0 879 1
15 D 395 745 1
15 D 395 879 1
16 L 0 229 1
16 L 0 235 1
16 L 0 478 1
16 L 0 904 1
16 D 396 229 1
16 D 396 235 1
16 D 396 478 1
16 D 396 904 1
17 L 0 68 1
17 L 0 193 1
17 L 0 297 1
17 L 0 770 1
17 D 397 68 1
17 D 397 193 1
17 D 397 297 1
17 D 397 770 1
18 L 0 39 1
18 L 0 51 1
18 L 0 998 1
18 D 398 39 1
18 D 398 51 1
18 D 398 998 1
19 L 0 17 1
19 L 0 136 1
19 L 0 184 1
19 L 0 314 1
19 D 399 17 1
19 D 399 136 1
19 D 399 184 1
19 D 399 314 1
0 L 0 242 1
0 L 0 586 1
0 L 0 604 1
0 L 0 658 1
0 D 400 242 1
0 D 400 586 1
0 D 400 604 1
0 D 400 658 1
1 L 0 65 1
1 L 0 124 1
1 L 0 760 1
1 L 0 841 1
1 D 401 65 1
1 D 401 124 1
1 D 401 760 1
1 D 401 841 1
2 L 0 80 1
2 L 0 184 1
2 L 0 375 1
2 L 0 530 1
2 D 402 80 1
2 D 402 184 1
2 D 402 375 1
2 D 402 530 1
3 L 0 200 1
3 L 0 243 1
3 L 0 392 1
3 L 0 908 1
3 D 403 200 1
3 D 403 243 1
3 D 403 392 1
3 D 403 908 1
4 L 0 87 1
4 L 0 526 1
4 L 0 892 1
4 D 404 87 1
4 D 404 526 1
4 D 404 892 1
5 L 0 75 1
5 L 0 502 1
5 D 405 75 1
5 D 405 502 1
6 L 0 158 1
6 L 0 253 1
6 L 0 602 1
6 L 0 787 1
6 D 406 158 1
6 D 406 253 1
6 D 406 602 1
6 D 406 787 1
8 L 0 53 1
8 L 0 122 1
8 L 0 201 1
8 L 0 936 1
8 D 408 53 1
8 D 408 122 1
8 D 408 201 1
8 D 408 936 1
9 L 0 21 1
9 L 0 83 1
9 L 0 434 1
9 L 0 717 1
9 D 409 21 1
9 D 409 83 1
9 D 409 434 1
9 D 409 717 1
10 L 0 762 1
10 L 0 841 1
10 L 0 974 1
10 D 410 762 1
10 D 410 841 1
10 D 410 974 1
11 L 0 739 1
11 L 0 859 1
11 D 411 739 1
11 D 411 859 1
12 L 0 17 1
12 L 0 668 1
12 L 0 876 1
12 L 0 959 1
12 D 412 17 1
12 D 412 668 1
12 D 412 876 1
12 D 412 959 1
13 L 0 463 1
13 L 0 761 1
13 L 0 815 1
13 L 0 918 1
13 D 413 463 1
13 D 413 761 1
13 D 413 815 1
13 D 413 918 1
14 L 0 467 1
14 L 0 553 1
14 L 0 807 1
14 D 414 467 1
14 D 414 553 1
14 D 414 807 1
16 L 0 66 1
16 L 0 631 1
16 L 0 778 1
16 L 0 964 1
16 D 416 66 1
16 D 416 631 1
16 D 416 778 1
16 D 416 964 1
17 L 0 157 1
17 L 0 330 1
17 L 0 508 1
17 D 417 157 1
17 D 417 330 1
17 D 417 508 1
18 L 0 741 1
18 L 0 779 1
18 L 0 780 1
18 L 0 832 1
18 D 418 741 1
18 D 418 779 1
18 D 418 780 1
18 D 418 832 1
0 L 0 64 1
0 L 0 81 1
0 L 0 659 1
0 D 420 64 1
0 D 420 81 1
0 D 420 659 1
1 L 0 235 1
1 L 0 257 1
1 D 421 235 1
1 D 421 257 1
2 L 0 401 1
2 L 0 444 1
2 L 0 751 1
2 D 422 401 1
2 D 422 444 1
2 D 422 751 1
3 L 0 252 1
3 L 0 292 1
3 L 0 896 1
3 D 423 252 1
3 D 423 292 1
3 D 423 896 1
4 L 0 205 1
4 L 0 230 1
4 L 0 955 1
4 D 424 205 1
4 D 424 230 1
4 D 424 955 1
5 L 0 112 1
5 L 0 184 1
5 L 0 432 1
5 L 0 498 1
5 L 0 625 1
5 L 0 796 1
5 D 425 112 1
5 D 425 184 1
5 D 425 432 1
5 D 425 498 1
5 D 425 625 1
5 D 425 796 1
6 L 0 124 1
6 L 0 422 1
6 D 426 124 1
6 D 426 422 1
9 L 0 626 1
9 L 0 649 1
9 D 429 626 1
9 D 429 649 1
10 L 0 390 1
10 L 0 628 1
10 D 430 390 1
10 D 430 628 1
11 L 0 17 1
11 L 0 891 1
11 D 431 17 1
11 D 431 891 1
13 L 0 104 1
13 L 0 317 1
13 L 0 691 1
13 L 0 852 1
13 D 433 104 1
13 D 433 317 1
13 D 433 691 1
13 D 433 852 1
14 L 0 28 1
14 L 0 862 1
14 D 434 28 1
14 D 434 862 1
15 L 0 85 1
15 L 0 126 1
15 L 0 985 1
15 D 435 85 1
15 D 435 126 1
15 D 435 985 1
16 L 0 162 1
16 L 0 268 1
16 L 0 427 1
16 L 0 508 1
16 D 436 162 1
16 D 436 268 1
16 D 436 427 1
16 D 436 508 1
17 L 0 342 1
17 L 0 358 1
17 L 0 459 1
17 L 0 462 1
17 L 0 659 1
17 D 437 342 1
17 D 437 358 1
17 D 437 459 1
17 D 437 462 1
17 D 437 659 1
18 L 0 276 1
18 L 0 365 1
18 L 0 699 1
18 L 0 836 1
18 D 438 276 1
18 D 438 365 1
18 D 438 699 1
18 D 438 836 1
0 L 0 242 1
0 L 0 435 1
0 D 440 242 1
0 D 440 435 1
2 L 0 398 1
2 L 0 490 1
2 L 0 657 1
2 L 0 809 1
2 L 0 933 1
2 D 442 398 1
2 D 442 490 1
2 D 442 657 1
2 D 442 809 1
2 D 442 933 1
3 L 0 28 1
3 L 0 88 1
3 L 0 193 1
3 L 0 323 1
3 D 443 28 1
3 D 443 88 1
3 D 443 193 1
3 D 443 323 1
4 L 0 133 1
4 L 0 210 1
4 L 0 359 1
4 D 444 133 1
4 D 444 210 1
4 D 444 359 1
5 L 0 745 1
5 L 0 879 1
5 D 445 745 1
5 D 445 879 1
6 L 0 58 1
6 L 0 256 1
6 L 0 341 1
6 D 446 58 1
6 D 446 256 1
6 D 446 341 1
7 L 0 504 1
7 L 0 710 1
7 D 447 504 1
7 D 447 710 1
8 L 0 350 1
8 L 0 590 1
8 L 0 726 1
8 D 448 350 1
8 D 448 590 1
8 D 448 726 1
10 L 0 350 1
10 L 0 753 1
10 L 0 935 1
10 D 450 350 1
10 D 450 753 1
10 D 450 935 1
11 L 0 370 1
11 L 0 372 1
11 L 0 918 1
11 L 0 975 1
11 D 451 370 1
11 D 451 372 1
11 D 451 918 1
11 D 451 975 1
12 L 0 685 1
12 L 0 727 1
12 L 0 765 1
12 L 0 936 1
12 D 452 685 1
12 D 452 727 1
12 D 452 765 1
12 D 452 936 1
13 L 0 129 1
13 L 0 470 1
13 L 0 908 1
13 D 453 129 1
13 D 453 470 1
13 D 453 908 1
14 L 0 465 1
14 L 0 615 1
14 L 0 781 1
14 L 0 948 1
14 D 454 465 1
14 D 454 615 1
14 D 454 781 1
14 D 454 948 1
16 L 0 157 1
16 L 0 237 1
16 D 456 157 1
16 D 456 237 1
17 L 0 168 1
17 L 0 626 1
17 L 0 678 1
17 L 0 964 1
17 D 457 168 1
17 D 457 626 1
17 D 457 678 1
17 D 457 964 1
18 L 0 571 1
18 L 0 591 1
18 L 0 738 1
18 L 0 978 1
18 D 458 571 1
18 D 458 591 1
18 D 458 738 1
18 D 458 978 1
19 L 0 119 1
19 L 0 534 1
19 L 0 701 1
19 D 459 119 1
19 D 459 534 1
19 D 459 701 1
0 L 0 43 1
0 L 0 50 1
0 L 0 592 1
0 D 460 43 1
0 D 460 50 1
0 D 460 592 1
1 L 0 296 1
1 L 0 476 1
1 D 461 296 1
1 D 461 476 1
3 L 0 377 1
3 L 0 551 1
3 D 463 377 1
3 D 463 551 1
4 L 0 145 1
4 L 0 312 1
4 L 0 887 1
4 D 464 145 1
4 D 464 312 1
4 D 464 887 1
7 L 0 123 1
7 L 0 180 1
7 L 0 720 1
7 L 0 874 1
7 D 467 123 1
7 D 467 180 1
7 D 467 720 1
7 D 467 874 1
8 L 0 160 1
8 L 0 813 1
8 D 468 160 1
8 D 468 813 1
9 L 0 220 1
9 L 0 879 1
9 D 469 220 1
9 D 469 879 1
11 L 0 184 1
11 L 0 301 1
11 L 0 406 1
11 L 0 793 1
11 L 0 874 1
11 D 471 184 1
11 D 471 301 1
11 D 471 406 1
11 D 471 793 1
11 D 471 874 1
12 L 0 45 1
12 L 0 96 1
12 L 0 370 1
12 D 472 45 1
12 D 472 96 1
12 D 472 370 1
13 L 0 81 1
13 L 0 104 1
13 L 0 133 1
13 L 0 384 1
13 D 473 81 1
13 D 473 104 1
13 D 473 133 1
13 D 473 384 1
14 L 0 293 1
14 L 0 610 1
14 L 0 940 1
14 D 474 293 1
14 D 474 610 1
14 D 474 940 1
15 L 0 145 1
15 L 0 186 1
15 L 0 197 1
15 L 0 931 1
15 L 0 937 1
15 L 0 961 1
15 D 475 145 1
15 D 475 186 1
15 D 475 197 1
15 D 475 931 1
15 D 475 937 1
15 D 475 961 1
16 L 0 113 1
16 L 0 514 1
16 L 0 625 1
16 D 476 113 1
16 D 476 514 1
16 D 476 625 1
17 L 0 444 1
17 L 0 554 1
17 L 0 896 1
17 D 477 444 1
17 D 477 554 1
17 D 477 896 1
18 L 0 912 1
18 L 0 976 1
18 D 478 912 1
18 D 478 976 1
19 L 0 49 1
19 D 479 49 1
0 L 0 189 1
0 L 0 561 1
0 L 0 954 1
0 D 480 189 1
0 D 480 561 1
0 D 480 954 1
1 L 0 145 1
1 L 0 581 1
1 L 0 587 1
1 L 0 723 1
1 L 0 810 1
1 D 481 145 1
1 D 481 581 1
1 D 481 587 1
1 D 481 723 1
1 D 481 810 1
2 L 0 168 1
2 L 0 302 1
2 L 0 713 1
2 D 482 168 1
2 D 482 302 1
2 D 482 713 1
3 L 0 252 1
3 L 0 602 1
3 L 0 656 1
3 D 483 252 1
3 D 483 602 1
3 D 483 656 1
4 L 0 149 1
4 L 0 191 1
4 L 0 890 1
4 D 484 149 1
4 D 484 191 1
4 D 484 890 1
5 L 0 349 1
5 L 0 354 1
5 L 0 513 1
5 L 0 552 1
5 D 485 349 1
5 D 485 354 1
5 D 485 513 1
5 D 485 552 1
6 L 0 493 1
6 L 0 605 1
6 L 0 809 1
6 D 486 493 1
6 D 486 605 1
6 D 486 809 1
8 L 0 136 1
8 L 0 876 1
8 D 488 136 1
8 D 488 876 1
11 L 0 525 1
11 L 0 616 1
11 D 491 525 1
11 D 491 616 1
12 L 0 133 1
12 L 0 493 1
12 D 492 133 1
12 D 492 493 1
13 L 0 179 1
13 L 0 195 1
13 L 0 252 1
13 D 493 179 1
13 D 493 195 1
13 D 493 252 1
14 L 0 26 1
14 L 0 28 1
14 L 0 426 1
14 L 0 974 1
14 D 494 26 1
14 D 494 28 1
14 D 494 426 1
14 D 494 974 1
16 L 0 55 1
16 L 0 764 1
16 L 0 765 1
16 D 496 55 1
16 D 496 764 1
16 D 496 765 1
17 L 0 446 1
17 L 0 715 1
17 L 0 883 1
17 D 497 446 1
17 D 497 715 1
17 D 497 883 1
18 L 0 750 1
18 L 0 938 1
18 L 0 985 1
18 D 498 750 1
18 D 498 938 1
18 D 498 985 1
0 L 0 104 1
0 L 0 335 1
0 L 0 653 1
0 D 500 104 1
0 D 500 335 1
0 D 500 653 1
1 L 0 62 1
1 L 0 276 1
1 L 0 703 1
1 L 0 726 1
1 L 0 841 1
1 D 501 62 1
1 D 501 276 1
1 D 501 703 1
1 D 501 726 1
1 D 501 841 1
2 L 0 108 1
2 L 0 279 1
2 L 0 384 1
2 L 0 687 1
2 D 502 108 1
2 D 502 279 1
2 D 502 384 1
2 D 502 687 1
5 L 0 348 1
5 L 0 622 1
5 L 0 642 1
5 D 505 348 1
5 D 505 622 1
5 D 505 642 1
6 L 0 92 1
6 L 0 411 1
6 L 0 500 1
6 L 0 605 1
6 D 506 92 1
6 D 506 411 1
6 D 506 500 1
6 D 506 605 1
7 L 0 164 1
7 L 0 726 1
7 L 0 879 1
7 D 507 164 1
7 D 507 726 1
7 D 507 879 1
8 L 0 80 1
8 L 0 151 1
8 L 0 750 1
8 D 508 80 1
8 D 508 151 1
8 D 508 750 1
9 L 0 112 2
9 L 0 523 1
9 L 0 537 1
9 L 0 621 1
9 D 509 112 2
9 D 509 523 1
9 D 509 537 1
9 D 509 621 1
10 L 0 375 1
10 L 0 489 1
10 L 0 936 1
10 L 0 955 1
10 D 510 375 1
10 D 510 489 1
10 D 510 936 1
10 D 510 955 1
11 L 0 2 1
11 L 0 346 1
11 L 0 364 1
11 D 511 2 1
11 D 511 346 1
11 D 511 364 1
12 L 0 186 1
12 L 0 237 1
12 L 0 500 1
12 L 0 931 1
12 D 512 186 1
12 D 512 237 1
12 D 512 500 1
12 D 512 931 1
13 L 0 18 1
13 L 0 112 1
13 L 0 431 1
13 D 513 18 1
13 D 513 112 1
13 D 513 431 1
15 L 0 816 1
15 L 0 946 1
15 D 515 816 1
15 D 515 946 1
16 L 0 382 1
16 L 0 583 1
16 L 0 904 1
16 D 516 382 1
16 D 516 583 1
16 D 516 904 1
17 L 0 388 1
17 L 0 861 1
17 D 517 388 1
17 D 517 861 1
18 L 0 270 1
18 L 0 767 1
18 D 518 270 1
18 D 518 767 1
0 L 0 591 1
0 L 0 785 1
0 L 0 964 1
0 D 520 591 1
0 D 520 785 1
0 D 520 964 1
1 L 0 2 1
1 L 0 254 1
1 L 0 842 1
1 D 521 2 1
1 D 521 254 1
1 D 521 842 1
2 L 0 26 1
2 L 0 338 1
2 L 0 759 1
2 D 522 26 1
2 D 522 338 1
2 D 522 759 1
3 L 0 452 1
3 L 0 538 1
3 L 0 976 1
3 D 523 452 1
3 D 523 538 1
3 D 523 976 1
4 L 0 147 1
4 L 0 783 1
4 L 0 981 1
4 D 524 147 1
4 D 524 783 1
4 D 524 981 1
5 L 0 499 1
5 D 525 499 1
6 L 0 35 1
6 L 0 699 1
6 L 0 747 1
6 D 526 35 1
6 D 526 699 1
6 D 526 747 1
7 L 0 197 1
7 L 0 434 1
7 L 0 557 1
7 L 0 845 1
7 D 527 197 1
7 D 527 434 1
7 D 527 557 1
7 D 527 845 1
8 L 0 306 1
8 L 0 473 1
8 D 528 306 1
8 D 528 473 1
9 L 0 488 1
9 L 0 492 1
9 L 0 862 1
9 D 529 488 1
9 D 529 492 1
9 D 529 862 1
10 L 0 312 1
10 L 0 384 1
10 L 0 882 1
10 D 530 312 1
10 D 530 384 1
10 D 530 882 1
12 L 0 27 1
12 L 0 145 1
12 L 0 622 1
12 L 0 680 1
12 L 0 810 1
12 D 532 27 1
12 D 532 145 1
12 D 532 622 1
12 D 532 680 1
12 D 532 810 1
13 L 0 514 1
13 L 0 648 1
13 L 0 763 1
13 D 533 514 1
13 D 533 648 1
13 D 533 763 1
14 L 0 149 1
14 L 0 241 1
14 L 0 518 1
14 L 0 636 1
14 L 0 772 1
14 D 534 149 1
14 D 534 241 1
14 D 534 518 1
14 D 534 636 1
14 D 534 772 1
15 L 0 129 1
15 L 0 548 1
15 L 0 861 1
15 D 535 129 1
15 D 535 548 1
15 D 535 861 1
16 L 0 63 1
16 L 0 579 1
16 L 0 741 1
16 L 0 809 1
16 D 536 63 1
16 D 536 579 1
16 D 536 741 1
16 D 536 809 1
17 L 0 5 1
17 L 0 770 1
17 D 537 5 1
17 D 537 770 1
18 L 0 224 1
18 L 0 364 1
18 L 0 604 1
18 L 0 743 1
18 D 538 224 1
18 D 538 364 1
18 D 538 604 1
18 D 538 743 1
19 L 0 142 1
19 L 0 447 1
19 L 0 664 1
19 D 539 142 1
19 D 539 447 1
19 D 539 664 1
0 L 0 257 1
0 L 0 516 1
0 D 540 257 1
0 D 540 516 1
1 L 0 406 1
1 L 0 852 1
1 L 0 877 1
1 L 0 946 1
1 D 541 406 1
1 D 541 852 1
1 D 541 877 1
1 D 541 946 1
2 L 0 543 1
2 L 0 688 1
2 L 0 904 1
2 L 0 920 1
2 D 542 543 1
2 D 542 688 1
2 D 542 904 1
2 D 542 920 1
3 L 0 508 1
3 L 0 606 1
3 L 0 706 1
3 D 543 508 1
3 D 543 606 1
3 D 543 706 1
4 L 0 449 1
4 L 0 872 1
4 D 544 449 1
4 D 544 872 1
6 L 0 113 1
6 L 0 558 1
6 L 0 588 1
6 L 0 721 1
6 D 546 113 1
6 D 546 558 1
6 D 546 588 1
6 D 546 721 1
8 L 0 63 1
8 L 0 67 1
8 L 0 306 1
8 L 0 590 1
8 D 548 63 1
8 D 548 67 1
8 D 548 306 1
8 D 548 590 1
9 L 0 407 1
9 L 0 785 1
9 D 549 407 1
9 D 549 785 1
11 L 0 80 1
11 L 0 191 1
11 L 0 858 1
11 D 551 80 1
11 D 551 191 1
11 D 551 858 1
13 L 0 306 1
13 L 0 465 1
13 L 0 629 1
13 L 0 886 1
13 D 553 306 1
13 D 553 465 1
13 D 553 629 1
13 D 553 886 1
14 L 0 11 1
14 L 0 384 1
14 L 0 548 1
14 D 554 11 1
14 D 554 384 1
14 D 554 548 1
15 L 0 133 1
15 L 0 691 1
15 L 0 985 1
15 D 555 133 1
15 D 555 691 1
15 D 555 985 1
16 L 0 83 1
16 L 0 304 1
16 L 0 364 1
16 L 0 427 1
16 D 556 83 1
16 D 556 304 1
16 D 556 364 1
16 D 556 427 1
17 L 0 96 1
17 L 0 184 1
17 L 0 298 1
17 L 0 371 1
17 D 557 96 1
17 D 557 184 1
17 D 557 298 1
17 D 557 371 1
18 L 0 68 1
18 L 0 152 1
18 L 0 385 1
18 L 0 432 1
18 L 0 649 1
18 D 558 68 1
18 D 558 152 1
18 D 558 385 1
18 D 558 432 1
18 D 558 649 1
0 L 0 168 1
0 L 0 622 1
0 L 0 673 1
0 D 560 168 1
0 D 560 622 1
0 D 560 673 1
1 L 0 90 1
1 L 0 690 1
1 D 561 90 1
1 D 561 690 1
2 L 0 541 1
2 L 0 808 1
2 D 562 541 1
2 D 562 808 1
3 L 0 333 1
3 L 0 911 1
3 L 0 967 1
3 D 563 333 1
3 D 563 911 1
3 D 563 967 1
4 L 0 104 1
4 L 0 587 1
4 L 0 619 1
4 L 0 769 1
4 L 0 905 1
4 D 564 104 1
4 D 564 587 1
4 D 564 619 1
4 D 564 769 1
4 D 564 905 1
5 L 0 79 1
5 L 0 95 1
5 L 0 251 1
5 L 0 268 1
5 L 0 360 1
5 D 565 79 1
5 D 565 95 1
5 D 565 251 1
5 D 565 268 1
5 D 565 360 1
6 L 0 68 1
6 L 0 71 1
6 L 0 278 1
6 L 0 461 1
6 L 0 978 1
6 D 566 68 1
6 D 566 71 1
6 D 566 278 1
6 D 566 461 1
6 D 566 978 1
7 L 0 615 1
7 L 0 788 1
7 L 0 820 1
7 D 567 615 1
7 D 567 788 1
7 D 567 820 1
9 L 0 22 1
9 L 0 181 1
9 L 0 330 1
9 L 0 488 1
9 D 569 22 1
9 D 569 181 1
9 D 569 330 1
9 D 569 488 1
10 L 0 217 1
10 L 0 259 1
10 L 0 358 1
10 L 0 508 1
10 L 0 854 1
10 L 0 907 1
10 D 570 217 1
10 D 570 259 1
10 D 570 358 1
10 D 570 508 1
10 D 570 854 1
10 D 570 907 1
12 L 0 334 1
12 L 0 717 1
12 L 0 878 1
12 D 572 334 1
12 D 572 717 1
12 D 572 878 1
13 L 0 186 1
13 L 0 754 1
13 L 0 772 1
13 D 573 186 1
13 D 573 754 1
13 D 573 772 1
14 L 0 344 1
14 L 0 386 1
14 L 0 459 1
14 L 0 835 1
14 D 574 344 1
14 D 574 386 1
14 D 574 459 1
14 D 574 835 1
15 L 0 170 1
15 L 0 490 1
15 L 0 816 1
15 D 575 170 1
15 D 575 490 1
15 D 575 816 1
16 L 0 398 1
16 L 0 460 1
16 L 0 461 1
16 D 576 398 1
16 D 576 460 1
16 D 576 461 1
17 L 0 618 1
17 L 0 637 1
17 L 0 691 1
17 L 0 741 1
17 D 577 618 1
17 D 577 637 1
17 D 577 691 1
17 D 577 741 1
18 L 0 622 1
18 L 0 675 1
18 L 0 713 1
18 L 0 777 1
18 D 578 622 1
18 D 578 675 1
18 D 578 713 1
18 D 578 777 1
19 L 0 328 1
19 L 0 474 1
19 D 579 328 1
19 D 579 474 1
0 L 0 54 1
0 L 0 125 1
0 L 0 153 1
0 L 0 920 1
0 D 580 54 1
0 D 580 125 1
0 D 580 153 1
0 D 580 920 1
2 L 0 243 1
2 L 0 631 1
2 L 0 898 1
2 L 0 940 1
2 D 582 243 1
2 D 582 631 1
2 D 582 898 1
2 D 582 940 1
3 L 0 393 1
3 L 0 956 1
3 D 583 393 1
3 D 583 956 1
4 L 0 358 1
4 L 0 440 1
4 L 0 560 1
4 L 0 587 1
4 D 584 358 1
4 D 584 440 1
4 D 584 560 1
4 D 584 587 1
5 L 0 114 1
5 L 0 128 1
5 L 0 420 1
5 L 0 424 1
5 L 0 753 1
5 D 585 114 1
5 D 585 128 1
5 D 585 420 1
5 D 585 424 1
5 D 585 753 1
6 L 0 307 1
6 L 0 500 1
6 L 0 661 1
6 L 0 900 1
6 D 586 307 1
6 D 586 500 1
6 D 586 661 1
6 D 586 900 1
8 L 0 210 1
8 L 0 444 1
8 L 0 468 1
8 L 0 605 1
8 D 588 210 1
8 D 588 444 1
8 D 588 468 1
8 D 588 605 1
10 L 0 301 1
10 L 0 304 1
10 L 0 502 1
10 L 0 819 1
10 D 590 301 1
10 D 590 304 1
10 D 590 502 1
10 D 590 819 1
11 L 0 200 1
11 L 0 209 1
11 L 0 488 1
11 D 591 200 1
11 D 591 209 1
11 D 591 488 1
12 L 0 96 1
12 L 0 278 1
12 L 0 748 1
12 L 0 803 1
12 L 0 823 1
12 D 592 96 1
12 D 592 278 1
12 D 592 748 1
12 D 592 803 1
12 D 592 823 1
13 L 0 236 1
13 L 0 616 1
13 L 0 923 1
13 D 593 236 1
13 D 593 616 1
13 D 593 923 1
14 L 0 20 1
14 L 0 62 1
14 L 0 420 1
14 D 594 20 1
14 D 594 62 1
14 D 594 420 1
15 L 0 289 1
15 L 0 452 1
15 L 0 865 1
15 D 595 289 1
15 D 595 452 1
15 D 595 865 1
16 L 0 119 1
16 L 0 526 1
16 L 0 635 1
16 D 596 119 1
16 D 596 526 1
16 D 596 635 1
18 L 0 427 1
18 L 0 441 1
18 L 0 454 1
18 L 0 923 1
18 D 598 427 1
18 D 598 441 1
18 D 598 454 1
18 D 598 923 1
19 L 0 813 1
19 L 0 832 1
19 L 0 967 1
19 D 599 813 1
19 D 599 832 1
19 D 599 967 1
1 L 0 973 1
1 D 601 973 1
2 L 0 71 1
2 L 0 768 1
2 L 0 885 1
2 D 602 71 1
2 D 602 768 1
2 D 602 885 1
3 L 0 764 1
3 L 0 787 1
3 L 0 793 1
3 D 603 764 1
3 D 603 787 1
3 D 603 793 1
4 L 0 459 1
4 L 0 495 1
4 L 0 572 1
4 D 604 459 1
4 D 604 495 1
4 D 604 572 1
5 L 0 576 1
5 L 0 658 1
5 L 0 672 1
5 D 605 576 1
5 D 605 658 1
5 D 605 672 1
6 L 0 99 1
6 L 0 259 1
6 L 0 885 1
6 D 606 99 1
6 D 606 259 1
6 D 606 885 1
7 L 0 259 1
7 L 0 314 1
7 L 0 477 1
7 L 0 591 1
7 D 607 259 1
7 D 607 314 1
7 D 607 477 1
7 D 607 591 1
8 L 0 73 1
8 L 0 317 1
8 L 0 367 1
8 L 0 723 1
8 D 608 73 1
8 D 608 317 1
8 D 608 367 1
8 D 608 723 1
9 L 0 756 1
9 L 0 941 1
9 D 609 756 1
9 D 609 941 1
10 L 0 426 1
10 L 0 673 1
10 L 0 996 1
10 D 610 426 1
10 D 610 673 1
10 D 610 996 1
11 L 0 168 1
11 L 0 203 1
11 L 0 316 1
11 L 0 364 1
11 L 0 392 1
11 L 0 517 1
11 D 611 168 1
11 D 611 203 1
11 D 611 316 1
11 D 611 364 1
11 D 611 392 1
11 D 611 517 1
12 L 0 35 1
12 L 0 509 1
12 L 0 534 1
12 L 0 540 1
12 L 0 587 1
12 L 0 846 1
12 D 612 35 1
12 D 612 509 1
12 D 612 534 1
12 D 612 540 1
12 D 612 587 1
12 D 612 846 1
13 L 0 380 1
13 L 0 543 1
13 L 0 809 1
13 D 613 380 1
13 D 613 543 1
13 D 613 809 1
14 L 0 68 1
14 L 0 153 1
14 L 0 475 1
14 L 0 841 1
14 D 614 68 1
14 D 614 153 1
14 D 614 475 1
14 D 614 841 1
15 L 0 565 1
15 L 0 588 1
15 L 0 609 1
15 L 0 958 1
15 D 615 565 1
15 D 615 588 1
15 D 615 609 1
15 D 615 958 1
16 L 0 60 1
16 L 0 129 1
16 L 0 283 1
16 L 0 919 1
16 D 616 60 1
16 D 616 129 1
16 D 616 283 1
16 D 616 919 1
17 L 0 95 1
17 L 0 130 1
17 L 0 950 1
17 D 617 95 1
17 D 617 130 1
17 D 617 950 1
18 L 0 179 1
18 L 0 289 1
18 L 0 916 1
18 D 618 179 1
18 D 618 289 1
18 D 618 916 1
19 L 0 104 1
19 L 0 293 1
19 L 0 587 1
19 L 0 797 1
19 D 619 104 1
19 D 619 293 1
19 D 619 587 1
19 D 619 797 1
0 L 0 360 1
0 L 0 500 1
0 L 0 612 1
0 L 0 809 1
0 D 620 360 1
0 D 620 500 1
0 D 620 612 1
0 D 620 809 1
2 L 0 512 1
2 L 0 594 1
2 L 0 827 1
2 D 622 512 1
2 D 622 594 1
2 D 622 827 1
3 L 0 126 1
3 L 0 417 1
3 L 0 531 1
3 L 0 739 1
3 D 623 126 1
3 D 623 417 1
3 D 623 531 1
3 D 623 739 1
4 L 0 188 1
4 L 0 772 1
4 D 624 188 1
4 D 624 772 1
5 L 0 531 1
5 L 0 533 1
5 L 0 622 1
5 L 0 680 1
5 L 0 936 1
5 D 625 531 1
5 D 625 533 1
5 D 625 622 1
5 D 625 680 1
5 D 625 936 1
6 L 0 60 1
6 L 0 297 1
6 L 0 358 1
6 L 0 685 1
6 D 626 60 1
6 D 626 297 1
6 D 626 358 1
6 D 626 685 1
7 L 0 443 1
7 L 0 513 1
7 L 0 543 1
7 L 0 666 1
7 L 0 753 1
7 L 0 924 1
7 D 627 443 1
7 D 627 513 1
7 D 627 543 1
7 D 627 666 1
7 D 627 753 1
7 D 627 924 1
8 L 0 106 1
8 L 0 259 1
8 L 0 343 1
8 L 0 432 1
8 L 0 787 1
8 D 628 106 1
8 D 628 259 1
8 D 628 343 1
8 D 628 432 1
8 D 628 787 1
9 L 0 157 1
9 L 0 553 1
9 L 0 945 1
9 D 629 157 1
9 D 629 553 1
9 D 629 945 1
10 L 0 417 1
10 L 0 557 1
10 L 0 622 1
10 L 0 848 1
10 L 0 919 1
10 D 630 417 1
10 D 630 557 1
10 D 630 622 1
10 D 630 848 1
10 D 630 919 1
12 L 0 89 1
12 L 0 199 1
12 L 0 490 1
12 L 0 491 1
12 L 0 753 1
12 D 632 89 1
12 D 632 199 1
12 D 632 490 1
12 D 632 491 1
12 D 632 753 1
13 L 0 16 1
13 L 0 185 1
13 L 0 926 1
13 D 633 16 1
13 D 633 185 1
13 D 633 926 1
15 L 0 208 1
15 L 0 392 1
15 L 0 933 1
15 L 0 982 1
15 D 635 208 1
15 D 635 392 1
15 D 635 933 1
15 D 635 982 1
17 L 0 10 1
17 L 0 344 1
17 L 0 392 1
17 L 0 726 1
17 D 637 10 1
17 D 637 344 1
17 D 637 392 1
17 D 637 726 1
18 L 0 73 1
18 L 0 845 1
18 D 638 73 1
18 D 638 845 1
0 L 0 178 1
0 L 0 803 1
0 D 640 178 1
0 D 640 803 1
1 L 0 121 1
1 L 0 283 1
1 L 0 443 1
1 L 0 618 1
1 D 641 121 1
1 D 641 283 1
1 D 641 443 1
1 D 641 618 1
2 L 0 78 1
2 L 0 701 1
2 L 0 825 1
2 D 642 78 1
2 D 642 701 1
2 D 642 825 1
3 L 0 108 1
3 L 0 189 1
3 L 0 477 1
3 L 0 488 1
3 D 643 108 1
3 D 643 189 1
3 D 643 477 1
3 D 643 488 1
4 L 0 397 1
4 L 0 598 1
4 D 644 397 1
4 D 644 598 1
5 L 0 300 1
5 L 0 664 1
5 L 0 863 1
5 D 645 300 1
5 D 645 664 1
5 D 645 863 1
7 L 0 127 1
7 L 0 289 1
7 D 647 127 1
7 D 647 289 1
8 L 0 71 1
8 L 0 265 1
8 L 0 597 1
8 L 0 835 1
8 D 648 71 1
8 D 648 265 1
8 D 648 597 1
8 D 648 835 1
9 L 0 122 1
9 L 0 179 1
9 L 0 732 1
9 L 0 991 1
9 D 649 122 1
9 D 649 179 1
9 D 649 732 1
9 D 649 991 1
10 L 0 142 1
10 L 0 505 1
10 L 0 888 1
10 L 0 995 1
10 D 650 142 1
10 D 650 505 1
10 D 650 888 1
10 D 650 995 1
11 L 0 643 1
11 L 0 659 1
11 L 0 896 1
11 D 651 643 1
11 D 651 659 1
11 D 651 896 1
12 L 0 74 1
12 L 0 149 1
12 L 0 759 1
12 L 0 874 1
12 L 0 937 1
12 D 652 74 1
12 D 652 149 1
12 D 652 759 1
12 D 652 874 1
12 D 652 937 1
14 L 0 58 1
14 L 0 119 1
14 L 0 621 1
14 L 0 623 1
14 D 654 58 1
14 D 654 119 1
14 D 654 621 1
14 D 654 623 1
15 L 0 34 1
15 L 0 113 1
15 L 0 379 1
15 L 0 444 1
15 D 655 34 1
15 D 655 113 1
15 D 655 379 1
15 D 655 444 1
17 L 0 48 1
17 L 0 490 1
17 L 0 680 1
17 D 657 48 1
17 D 657 490 1
17 D 657 680 1
18 L 0 71 1
18 L 0 151 1
18 L 0 491 1
18 L 0 591 1
18 D 658 71 1
18 D 658 151 1
18 D 658 491 1
18 D 658 591 1
0 L 0 159 1
0 L 0 314 1
0 L 0 483 1
0 L 0 587 1
0 L 0 879 1
0 D 660 159 1
0 D 660 314 1
0 D 660 483 1
0 D 660 587 1
0 D 660 879 1
1 L 0 215 1
1 L 0 278 1
1 L 0 416 1
1 L 0 802 1
1 D 661 215 1
1 D 661 278 1
1 D 661 416 1
1 D 661 802 1
2 L 0 211 1
2 L 0 379 1
2 L 0 405 1
2 L 0 659 1
2 L 0 819 1
2 D 662 211 1
2 D 662 379 1
2 D 662 405 1
2 D 662 659 1
2 D 662 819 1
3 L 0 113 1
3 L 0 673 1
3 D 663 113 1
3 D 663 673 1
5 L 0 230 1
5 L 0 611 1
5 L 0 671 1
5 D 665 230 1
5 D 665 611 1
5 D 665 671 1
6 L 0 409 1
6 L 0 905 1
6 L 0 999 1
6 D 666 409 1
6 D 666 905 1
6 D 666 999 1
7 L 0 620 1
7 L 0 650 1
7 L 0 783 1
7 D 667 620 1
7 D 667 650 1
7 D 667 783 1
8 L 0 255 1
8 L 0 671 1
8 L 0 835 1
8 L 0 981 1
8 D 668 255 1
8 D 668 671 1
8 D 668 835 1
8 D 668 981 1
9 L 0 437 1
9 L 0 636 1
9 L 0 855 1
9 D 669 437 1
9 D 669 636 1
9 D 669 855 1
10 L 0 372 1
10 L 0 688 1
10 L 0 846 1
10 L 0 965 1
10 D 670 372 1
10 D 670 688 1
10 D 670 846 1
10 D 670 965 1
11 L 0 370 1
11 L 0 730 1
11 D 671 370 1
11 D 671 730 1
12 L 0 16 1
12 L 0 81 1
12 L 0 338 1
12 D 672 16 1
12 D 672 81 1
12 D 672 338 1
13 L 0 5 1
13 L 0 219 1
13 L 0 229 1
13 L 0 655 1
13 D 673 5 1
13 D 673 219 1
13 D 673 229 1
13 D 673 655 1
14 L 0 189 1
14 L 0 416 1
14 L 0 761 1
14 D 674 189 1
14 D 674 416 1
14 D 674 761 1
15 L 0 45 1
15 L 0 426 1
15 L 0 444 1
15 L 0 541 1
15 L 0 841 1
15 D 675 45 1
15 D 675 426 1
15 D 675 444 1
15 D 675 541 1
15 D 675 841 1
16 L 0 218 1
16 L 0 423 1
16 L 0 794 1
16 L 0 871 1
16 D 676 218 1
16 D 676 423 1
16 D 676 794 1
16 D 676 871 1
18 L 0 299 1
18 L 0 713 1
18 L 0 741 1
18 L 0 814 1
18 L 0 846 1
18 L 0 937 1
18 D 678 299 1
18 D 678 713 1
18 D 678 741 1
18 D 678 814 1
18 D 678 846 1
18 D 678 937 1
19 L 0 223 1
19 L 0 360 1
19 L 0 796 1
19 L 0 920 1
19 D 679 223 1
19 D 679 360 1
19 D 679 796 1
19 D 679 920 1
2 L 0 424 1
2 L 0 560 1
2 D 682 424 1
2 D 682 560 1
3 L 0 421 1
3 L 0 893 1
3 D 683 421 1
3 D 683 893 1
4 L 0 208 1
4 L 0 266 1
4 L 0 383 1
4 L 0 821 1
4 D 684 208 1
4 D 684 266 1
4 D 684 383 1
4 D 684 821 1
5 L 0 154 1
5 L 0 420 1
5 L 0 587 1
5 L 0 794 1
5 D 685 154 1
5 D 685 420 1
5 D 685 587 1
5 D 685 794 1
6 L 0 26 1
6 L 0 290 1
6 L 0 391 1
6 L 0 454 1
6 L 0 513 1
6 D 686 26 1
6 D 686 290 1
6 D 686 391 1
6 D 686 454 1
6 D 686 513 1
7 L 0 160 1
7 L 0 299 1
7 L 0 759 1
7 L 0 954 1
7 D 687 160 1
7 D 687 299 1
7 D 687 759 1
7 D 687 954 1
8 L 0 719 1
8 L 0 806 1
8 L 0 840 1
8 D 688 719 1
8 D 688 806 1
8 D 688 840 1
9 L 0 415 1
9 L 0 622 1
9 L 0 631 1
9 L 0 777 1
9 D 689 415 1
9 D 689 622 1
9 D 689 631 1
9 D 689 777 1
10 L 0 392 1
10 L 0 468 1
10 L 0 750 1
10 D 690 392 1
10 D 690 468 1
10 D 690 750 1
12 L 0 594 1
12 L 0 951 1
12 D 692 594 1
12 D 692 951 1
13 L 0 116 1
13 L 0 773 1
13 D 693 116 1
13 D 693 773 1
14 L 0 604 1
14 L 0 814 1
14 L 0 850 1
14 L 0 984 1
14 D 694 604 1
14 D 694 814 1
14 D 694 850 1
14 D 694 984 1
15 L 0 41 1
15 L 0 110 1
15 D 695 41 1
15 D 695 110 1
16 L 0 380 1
16 L 0 730 1
16 L 0 905 1
16 D 696 380 1
16 D 696 730 1
16 D 696 905 1
17 L 0 278 1
17 L 0 420 1
17 L 0 477 1
17 L 0 534 1
17 L 0 907 1
17 D 697 278 1
17 D 697 420 1
17 D 697 477 1
17 D 697 534 1
17 D 697 907 1
18 L 0 283 1
18 L 0 547 1
18 L 0 731 1
18 L 0 888 1
18 D 698 283 1
18 D 698 547 1
18 D 698 731 1
18 D 698 888 1
19 L 0 237 1
19 L 0 628 1
19 D 699 237 1
19 D 699 628 1
0 L 0 252 1
0 L 0 460 1
0 L 0 649 1
0 L 0 719 1
0 D 700 252 1
0 D 700 460 1
0 D 700 649 1
0 D 700 719 1
1 L 0 756 1
1 L 0 811 1
1 D 701 756 1
1 D 701 811 1
2 L 0 101 1
2 L 0 370 1
2 D 702 101 1
2 D 702 370 1
4 L 0 167 1
4 L 0 631 1
4 D 704 167 1
4 D 704 631 1
5 L 0 189 1
5 L 0 432 1
5 L 0 538 1
5 L 0 786 1
5 D 705 189 1
5 D 705 432 1
5 D 705 538 1
5 D 705 786 1
7 L 0 456 1
7 L 0 742 1
7 L 0 919 1
7 L 0 979 1
7 D 707 456 1
7 D 707 742 1
7 D 707 919 1
7 D 707 979 1
8 L 0 62 1
8 L 0 70 1
8 L 0 614 1
8 L 0 798 1
8 L 0 996 1
8 D 708 62 1
8 D 708 70 1
8 D 708 614 1
8 D 708 798 1
8 D 708 996 1
9 L 0 899 1
9 L 0 907 1
9 L 0 917 1
9 D 709 899 1
9 D 709 907 1
9 D 709 917 1
10 L 0 78 1
10 L 0 289 1
10 L 0 338 1
10 L 0 704 1
10 D 710 78 1
10 D 710 289 1
10 D 710 338 1
10 D 710 704 1
11 L 0 26 1
11 L 0 463 1
11 L 0 549 1
11 D 711 26 1
11 D 711 463 1
11 D 711 549 1
13 L 0 63 1
13 L 0 399 1
13 L 0 776 1
13 L 0 963 1
13 D 713 63 1
13 D 713 399 1
13 D 713 776 1
13 D 713 963 1
14 L 0 136 1
14 L 0 253 1
14 L 0 453 1
14 D 714 136 1
14 D 714 253 1
14 D 714 453 1
15 L 0 116 1
15 L 0 264 1
15 L 0 379 1
15 L 0 802 1
15 D 715 116 1
15 D 715 264 1
15 D 715 379 1
15 D 715 802 1
17 L 0 28 1
17 L 0 220 1
17 L 0 296 1
17 L 0 857 1
17 D 717 28 1
17 D 717 220 1
17 D 717 296 1
17 D 717 857 1
18 L 0 710 1
18 L 0 917 1
18 D 718 710 1
18 D 718 917 1
19 L 0 561 1
19 L 0 707 1
19 L 0 743 1
19 D 719 561 1
19 D 719 707 1
19 D 719 743 1
0 L 0 252 1
0 L 0 398 1
0 L 0 777 1
0 L 0 861 1
0 L 0 883 1
0 D 720 252 1
0 D 720 398 1
0 D 720 777 1
0 D 720 861 1
0 D 720 883 1
1 L 0 223 1
1 L 0 399 1
1 L 0 926 1
1 D 721 223 1
1 D 721 399 1
1 D 721 926 1
2 L 0 61 1
2 L 0 974 1
2 D 722 61 1
2 D 722 974 1
3 L 0 242 1
3 L 0 290 1
3 L 0 349 1
3 D 723 242 1
3 D 723 290 1
3 D 723 349 1
4 L 0 83 1
4 L 0 177 1
4 D 724 83 1
4 D 724 177 1
5 L 0 625 1
5 L 0 635 1
5 L 0 911 1
5 D 725 625 1
5 D 725 635 1
5 D 725 911 1
6 L 0 88 1
6 L 0 454 1
6 L 0 517 1
6 L 0 711 1
6 D 726 88 1
6 D 726 454 1
6 D 726 517 1
6 D 726 711 1
7 L 0 81 1
7 L 0 84 1
7 L 0 154 1
7 L 0 924 1
7 D 727 81 1
7 D 727 84 1
7 D 727 154 1
7 D 727 924 1
8 L 0 296 1
8 L 0 719 1
8 L 0 823 1
8 L 0 920 1
8 D 728 296 1
8 D 728 719 1
8 D 728 823 1
8 D 728 920 1
9 L 0 303 1
9 L 0 366 1
9 D 729 303 1
9 D 729 366 1
10 L 0 435 1
10 L 0 600 1
10 L 0 931 1
10 D 730 435 1
10 D 730 600 1
10 D 730 931 1
12 L 0 409 1
12 L 0 513 1
12 L 0 591 1
12 L 0 783 1
12 D 732 409 1
12 D 732 513 1
12 D 732 591 1
12 D 732 783 1
13 L 0 39 1
13 L 0 474 1
13 D 733 39 1
13 D 733 474 1
14 L 0 81 1
14 L 0 287 1
14 L 0 309 1
14 L 0 883 1
14 D 734 81 1
14 D 734 287 1
14 D 734 309 1
14 D 734 883 1
16 L 0 78 1
16 L 0 427 1
16 L 0 483 1
16 D 736 78 1
16 D 736 427 1
16 D 736 483 1
17 L 0 128 1
17 L 0 361 1
17 L 0 616 1
17 D 737 128 1
17 D 737 361 1
17 D 737 616 1
18 L 0 76 1
18 L 0 257 1
18 L 0 605 1
18 D 738 76 1
18 D 738 257 1
18 D 738 605 1
19 L 0 142 1
19 L 0 907 1
19 L 0 935 1
19 L 0 981 1
19 D 739 142 1
19 D 739 907 1
19 D 739 935 1
19 D 739 981 1
0 L 0 214 1
0 L 0 486 1
0 D 740 214 1
0 D 740 486 1
1 L 0 86 1
1 L 0 911 1
1 L 0 994 1
1 D 741 86 1
1 D 741 911 1
1 D 741 994 1
3 L 0 16 1
3 L 0 106 1
3 L 0 183 1
3 L 0 623 1
3 D 743 16 1
3 D 743 106 1
3 D 743 183 1
3 D 743 623 1
4 L 0 214 1
4 L 0 544 1
4 L 0 737 1
4 D 744 214 1
4 D 744 544 1
4 D 744 737 1
5 L 0 288 1
5 L 0 772 1
5 L 0 880 1
5 D 745 288 1
5 D 745 772 1
5 D 745 880 1
8 L 0 58 1
8 L 0 204 1
8 L 0 598 1
8 D 748 58 1
8 D 748 204 1
8 D 748 598 1
9 L 0 107 1
9 L 0 231 1
9 D 749 107 1
9 D 749 231 1
10 L 0 153 1
10 L 0 159 1
10 L 0 626 1
10 L 0 892 1
10 D 750 153 1
10 D 750 159 1
10 D 750 626 1
10 D 750 892 1
11 L 0 806 1
11 L 0 879 1
11 D 751 806 1
11 D 751 879 1
12 L 0 339 1
12 L 0 341 1
12 L 0 604 1
12 L 0 988 1
12 D 752 339 1
12 D 752 341 1
12 D 752 604 1
12 D 752 988 1
13 L 0 211 1
13 L 0 422 1
13 L 0 666 1
13 D 753 211 1
13 D 753 422 1
13 D 753 666 1
14 L 0 192 1
14 L 0 424 1
14 L 0 809 1
14 L 0 992 1
14 D 754 192 1
14 D 754 424 1
14 D 754 809 1
14 D 754 992 1
15 L 0 637 1
15 L 0 760 1
15 L 0 879 1
15 D 755 637 1
15 D 755 760 1
15 D 755 879 1
16 L 0 560 1
16 L 0 825 1
16 L 0 978 1
16 D 756 560 1
16 D 756 825 1
16 D 756 978 1
17 L 0 189 1
17 L 0 787 1
17 L 0 951 1
17 D 757 189 1
17 D 757 787 1
17 D 757 951 1
19 L 0 139 1
19 L 0 631 1
19 L 0 900 1
19 L 0 919 1
19 D 759 139 1
19 D 759 631 1
19 D 759 900 1
19 D 759 919 1
0 L 0 34 1
0 L 0 199 1
0 L 0 296 1
0 L 0 694 1
0 D 760 34 1
0 D 760 199 1
0 D 760 296 1
0 D 760 694 1
1 L 0 438 1
1 L 0 477 1
1 L 0 500 1
1 L 0 739 1
1 D 761 438 1
1 D 761 477 1
1 D 761 500 1
1 D 761 739 1
2 L 0 153 1
2 L 0 484 1
2 L 0 783 1
2 L 0 992 1
2 D 762 153 1
2 D 762 484 1
2 D 762 783 1
2 D 762 992 1
3 L 0 384 1
3 L 0 483 1
3 L 0 649 1
3 L 0 911 1
3 D 763 384 1
3 D 763 483 1
3 D 763 649 1
3 D 763 911 1
5 L 0 121 1
5 L 0 684 1
5 L 0 908 1
5 D 765 121 1
5 D 765 684 1
5 D 765 908 1
6 L 0 129 1
6 L 0 673 1
6 D 766 129 1
6 D 766 673 1
7 L 0 80 1
7 L 0 214 1
7 L 0 334 1
7 L 0 557 1
7 D 767 80 1
7 D 767 214 1
7 D 767 334 1
7 D 767 557 1
8 L 0 384 1
8 L 0 432 1
8 L 0 898 1
8 D 768 384 1
8 D 768 432 1
8 D 768 898 1
9 L 0 47 1
9 L 0 441 1
9 L 0 477 1
9 L 0 649 1
9 L 0 691 1
9 D 769 47 1
9 D 769 441 1
9 D 769 477 1
9 D 769 649 1
9 D 769 691 1
10 L 0 145 1
10 L 0 300 1
10 L 0 439 1
10 L 0 500 1
10 L 0 684 1
10 L 0 687 1
10 L 0 809 1
10 D 770 145 1
10 D 770 300 1
10 D 770 439 1
10 D 770 500 1
10 D 770 684 1
10 D 770 687 1
10 D 770 809 1
11 L 0 76 1
11 L 0 129 1
11 L 0 306 1
11 L 0 685 1
11 D 771 76 1
11 D 771 129 1
11 D 771 306 1
11 D 771 685 1
12 L 0 370 1
12 L 0 607 1
12 D 772 370 1
12 D 772 607 1
13 L 0 157 1
13 L 0 216 1
13 L 0 754 1
13 D 773 157 1
13 D 773 216 1
13 D 773 754 1
14 L 0 305 1
14 L 0 420 1
14 L 0 517 1
14 L 0 559 1
14 D 774 305 1
14 D 774 420 1
14 D 774 517 1
14 D 774 559 1
16 L 0 122 1
16 L 0 432 1
16 L 0 736 1
16 L 0 879 1
16 D 776 122 1
16 D 776 432 1
16 D 776 736 1
16 D 776 879 1
17 L 0 247 1
17 L 0 261 1
17 L 0 501 1
17 D 777 247 1
17 D 777 261 1
17 D 777 501 1
18 L 0 163 1
18 L 0 219 1
18 L 0 365 1
18 L 0 604 1
18 D 778 163 1
18 D 778 219 1
18 D 778 365 1
18 D 778 604 1
19 L 0 224 1
19 L 0 566 1
19 L 0 591 1
19 L 0 769 1
19 D 779 224 1
19 D 779 566 1
19 D 779 591 1
19 D 779 769 1
0 L 0 397 1
0 L 0 560 1
0 L 0 658 1
0 L 0 781 1
0 D 780 397 1
0 D 780 560 1
0 D 780 658 1
0 D 780 781 1
1 L 0 114 1
1 L 0 172 1
1 L 0 261 1
1 L 0 375 1
1 D 781 114 1
1 D 781 172 1
1 D 781 261 1
1 D 781 375 1
2 L 0 41 1
2 L 0 906 1
2 D 782 41 1
2 D 782 906 1
3 L 0 28 1
3 L 0 906 1
3 D 783 28 1
3 D 783 906 1
4 L 0 164 1
4 L 0 741 1
4 L 0 836 1
4 D 784 164 1
4 D 784 741 1
4 D 784 836 1
6 L 0 212 1
6 L 0 456 1
6 L 0 541 1
6 L 0 885 1
6 D 786 212 1
6 D 786 456 1
6 D 786 541 1
6 D 786 885 1
7 L 0 175 1
7 L 0 203 1
7 L 0 588 1
7 D 787 175 1
7 D 787 203 1
7 D 787 588 1
8 L 0 316 1
8 L 0 709 1
8 D 788 316 1
8 D 788 709 1
9 L 0 150 1
9 L 0 414 1
9 D 789 150 1
9 D 789 414 1
10 L 0 450 1
10 L 0 508 1
10 D 790 450 1
10 D 790 508 1
12 L 0 384 1
12 L 0 593 1
12 L 0 841 1
12 D 792 384 1
12 D 792 593 1
12 D 792 841 1
13 L 0 690 1
13 L 0 897 1
13 D 793 690 1
13 D 793 897 1
14 L 0 159 1
14 L 0 538 1
14 L 0 832 1
14 D 794 159 1
14 D 794 538 1
14 D 794 832 1
15 L 0 121 1
15 L 0 492 1
15 D 795 121 1
15 D 795 492 1
16 L 0 223 1
16 L 0 801 1
16 D 796 223 1
16 D 796 801 1
17 L 0 173 1
17 L 0 779 1
17 D 797 173 1
17 D 797 779 1
18 L 0 593 1
18 L 0 691 1
18 D 798 593 1
18 D 798 691 1
